Total contracts to process: 243
[1/243] Access_Control_RBAC (0x338e3410...)
  OK: OpenZeppelinContracts (24424 chars, single, v0.8.7+commit.e28d00a7)
[2/243] Access_Control_RBAC (0x3432b6a6...)
  OK: FRAXShares (38225 chars, multi-file, v0.6.11+commit.5ef660b1)
[3/243] Auction (0xf15a9437...)
  OK: NounsAuctionHouse (2050 chars, multi-file, v0.8.6+commit.11564f7e)
[4/243] Auction (0xd657686a...)
  OK: AuctionHouse (2334 chars, multi-file, v0.8.7+commit.e28d00a7)
[5/243] Auction (0xe468ce99...)
  OK: AuctionHouse (3542 chars, multi-file, v0.6.8+commit.0bbfe453)
[6/243] Auction (0xcda72070...)
  OK: AdminUpgradeabilityProxy (17494 chars, single, v0.6.8+commit.0bbfe453)
[7/243] Auction (0x7be8076f...)
  OK: WyvernExchange (68720 chars, single, v0.4.23+commit.124ca40d)
[8/243] Auction (0x39da4174...)
  OK: BlurSwap (31265 chars, multi-file, v0.8.13+commit.abaa5c0e)
[9/243] Auction (0x00000000...)
  OK: LooksRareProtocol (12519 chars, multi-file, v0.8.17+commit.8df45f5f)
[10/243] Auction (0x59728544...)
  OK: LooksRareExchange (3297 chars, multi-file, v0.8.7+commit.e28d00a7)
[11/243] Auction (0xcd4ec7b6...)
  OK: ExchangeV1 (43638 chars, single, v0.5.17+commit.d19bba13)
[12/243] Auction (0x9757f2d2...)
  OK: TransparentUpgradeableProxy (26835 chars, multi-file, v0.8.2+commit.661d1103)
[14/243] Auction (0xb2ecfe4e...)
  OK: ERC1967Proxy (25934 chars, multi-file, v0.8.17+commit.8df45f5f)
[16/243] Bridge_Relayer (0x66a71dce...)
  OK: Endpoint (7059 chars, multi-file, v0.7.6+commit.7338295f)
[17/243] Bridge_Relayer (0x1a440760...)
  OK: EndpointV2 (7912 chars, multi-file, v0.8.22+commit.4fc1097e)
[18/243] Bridge_Relayer (0x98f3c9e6...)
  OK: Wormhole (21678 chars, multi-file, v0.8.4+commit.c7e474f2)
[19/243] Bridge_Relayer (0x3ee18b22...)
  OK: TokenBridge (21688 chars, multi-file, v0.8.4+commit.c7e474f2)
[20/243] Bridge_Relayer (0x4f449524...)
  OK: AxelarGatewayProxyMultisig (56928 chars, multi-file, v0.8.9+commit.e5eed63a)
[21/243] Bridge_Relayer (0x4d73adb7...)
  OK: UltraLightNodeV2 (77018 chars, multi-file, v0.7.6+commit.7338295f)
[22/243] Bridge_Relayer (0x80226fc0...)
  OK: Router (2513 chars, multi-file, v0.8.19+commit.7dd6d404)
[23/243] Bridge_Relayer (0xc005dc82...)
  OK: TransparentUpgradeableProxy (549710 chars, single, v0.8.19+commit.7dd6d404)
[24/243] Bridge_Relayer (0x25ace71c...)
  OK: Lib_ResolvedDelegateProxy (7322 chars, multi-file, v0.7.6+commit.7338295f)
[25/243] Bridge_Relayer (0x4dbd4fc5...)
  OK: TransparentUpgradeableProxy (19935 chars, multi-file, v0.6.11+commit.5ef660b1)
[26/243] Bridge_Relayer (0x72ce9c84...)
  OK: TransparentUpgradeableProxy (19935 chars, multi-file, v0.6.11+commit.5ef660b1)
[27/243] Bridge_Relayer (0x467719ad...)
  OK: BurnableMintableCappedERC20 (23564 chars, single, v0.8.9+commit.e5eed63a)
[28/243] Bridge_Relayer (0xb5fb4be0...)
  OK: InterchainProxy (5612 chars, multi-file, v0.8.21+commit.d9974bed)
[29/243] Bridge_Relayer (0x011e52e4...)
  OK: SushiXSwap (51349 chars, multi-file, v0.8.11+commit.d7f03943)
[30/243] Bridge_Relayer (0x1ec9b94b...)
  OK: Hyperlane (7894 chars, single, v0.8.24+commit.e11b9ed9)
[31/243] Cross-Chain_Bridge (0xa3a7b6f8...)
  OK: TransparentUpgradeableProxy (19935 chars, multi-file, v0.6.11+commit.5ef660b1)
[32/243] Cross-Chain_Bridge (0xb8901acb...)
  OK: L1_ETH_Bridge (55380 chars, multi-file, v0.6.12+commit.27d51765)
[33/243] Cross-Chain_Bridge (0x3666f603...)
  OK: L1_ERC20_Bridge (69245 chars, multi-file, v0.6.12+commit.27d51765)
[34/243] Cross-Chain_Bridge (0x914f986a...)
  OK: L1_HOP_Bridge (70468 chars, multi-file, v0.6.12+commit.27d51765)
[35/243] Cross-Chain_Bridge (0x3e4a3a47...)
  OK: L1_ERC20_Bridge (69441 chars, multi-file, v0.6.12+commit.27d51765)
[36/243] Cross-Chain_Bridge (0x3d4cc8a6...)
  OK: L1_ERC20_Bridge (69571 chars, multi-file, v0.6.12+commit.27d51765)
[37/243] Cross-Chain_Bridge (0x5a7749f8...)
  OK: Proxy (7205 chars, multi-file, v0.8.15+commit.e14f2714)
[38/243] Cross-Chain_Bridge (0x4dceb440...)
  OK: RollupProxy (134156 chars, multi-file, v0.8.17+commit.8df45f5f)
[39/243] Cross-Chain_Bridge (0x296f55f8...)
  OK: Bridge (90934 chars, multi-file, v0.7.6+commit.7338295f)
[40/243] Cross-Chain_Bridge (0x2796317b...)
  OK: TransparentUpgradeableProxy (18271 chars, multi-file, v0.7.6+commit.7338295f)
[41/243] Cross-Chain_Bridge (0x6ffd7ede...)
  OK: NFTBridgeEntrypoint (21644 chars, multi-file, v0.8.4+commit.c7e474f2)
[42/243] Cross-Chain_Messaging (0x9685e728...)
  OK: SequencerInbox (2897 chars, multi-file, v0.6.11+commit.5ef660b1)
[43/243] Cross-Chain_Messaging (0x8d64b4b4...)
  OK: HyperlaneImplementation (73328 chars, multi-file, v0.8.23+commit.f704f362)
[44/243] Cross-Chain_Messaging (0x5ef0d09d...)
  OK: RollupProxy (112548 chars, multi-file, v0.8.9+commit.e5eed63a)
[45/243] Crowdfunding_ICO (0xd569d3cc...)
  OK: TerminalV1 (29959 chars, multi-file, v0.8.6+commit.11564f7e)
[46/243] Crowdfunding_ICO (0x981c8ecd...)
  OK: TerminalV1_1 (33699 chars, multi-file, v0.8.6+commit.11564f7e)
[47/243] Crowdfunding_ICO (0xf507b2a1...)
  OK: FundingCycles (29959 chars, multi-file, v0.8.6+commit.11564f7e)
[48/243] Crowdfunding_ICO (0xb9e4b658...)
  OK: ModStore (13180 chars, multi-file, v0.8.6+commit.11564f7e)
[49/243] Crowdfunding_ICO (0x9b73d177...)
  OK: ENJCrowdfund (25495 chars, single, v0.4.15+commit.bbb8e64f)
[50/243] Crowdfunding_ICO (0x7b3d36eb...)
  OK: StandardERC20 (31477 chars, single, v0.7.4+commit.3f05b770)
[51/243] Crowdfunding_ICO (0xa0246c90...)
  OK: RewardToken (28179 chars, single, v0.5.16+commit.9c3226ce)
[52/243] Crowdfunding_ICO (0xaffe52f0...)
  OK: JuiceBox (15573 chars, single, v0.8.4+commit.c7e474f2)
[53/243] Crowdfunding_ICO (0x971e78e0...)
  OK: HavvenEscrow (98941 chars, single, v0.4.21+commit.dfe3193c)
[54/243] Crowdfunding_ICO (0x5870700f...)
  OK: AnyswapV6ERC20 (14735 chars, single, v0.8.14+commit.80d49f37)
[55/243] Crowdfunding_ICO (0x9984ab53...)
  OK: Banny (52975 chars, multi-file, v0.8.6+commit.11564f7e)
[56/243] Crowdfunding_ICO (0x1571ed0b...)
  OK: VaultProxy (6700 chars, multi-file, v0.5.16+commit.9c3226ce)
[57/243] DeFi_DEX_AMM (0x7a250d56...)
  OK: UniswapV2Router02 (33985 chars, single, v0.6.6+commit.6c089d02)
[58/243] DeFi_DEX_AMM (0xE592427A...)
  OK: SwapRouter (3984 chars, multi-file, v0.7.6+commit.7338295f)
[59/243] DeFi_DEX_AMM (0x5c69bee7...)
  OK: UniswapV2Factory (21871 chars, single, v0.5.16+commit.9c3226ce)
[60/243] DeFi_DEX_AMM (0xd9e1cE17...)
  OK: UniswapV2Router02 (35085 chars, single, v0.6.12+commit.27d51765)
[61/243] DeFi_DEX_AMM (0x1f98431c...)
  OK: UniswapV3Factory (4086 chars, multi-file, v0.7.6+commit.7338295f)
[62/243] DeFi_DEX_AMM (0x68b34658...)
  OK: SwapRouter02 (14597 chars, multi-file, v0.7.6+commit.7338295f)
[63/243] DeFi_DEX_AMM (0xc0aee478...)
  OK: UniswapV2Factory (20196 chars, single, v0.6.12+commit.27d51765)
[64/243] DeFi_DEX_AMM (0xba122222...)
  OK: Vault (73034 chars, multi-file, v0.7.1+commit.f4a555be)
[65/243] DeFi_DEX_AMM (0xba133333...)
  OK: Vault (222297 chars, multi-file, v0.8.26+commit.8a97fa7a)
[66/243] DeFi_DEX_AMM (0xc36442b4...)
  OK: NonfungiblePositionManager (21342 chars, multi-file, v0.7.6+commit.7338295f)
[67/243] DeFi_DEX_AMM (0x88e6a0c2...)
  OK: UniswapV3Pool (6018 chars, multi-file, v0.7.6+commit.7338295f)
[68/243] DeFi_DEX_AMM (0xb27308f9...)
  OK: Quoter (2787 chars, multi-file, v0.7.6+commit.7338295f)
[69/243] DeFi_DEX_AMM (0x11111112...)
  OK: AggregationRouterV4 (98321 chars, single, v0.7.6+commit.7338295f)
[70/243] DeFi_DEX_AMM (0x8e9aa87e...)
  OK: WeightedPoolFactory (228952 chars, multi-file, v0.7.1+commit.f4a555be)
[71/243] DeFi_Lending (0x87870bca...)
  OK: InitializableImmutableAdminUpgradeabilityProxy (11542 chars, multi-file, v0.8.10+commit.fc410830)
[72/243] DeFi_Lending (0x7d2768de...)
  OK: InitializableImmutableAdminUpgradeabilityProxy (11089 chars, multi-file, v0.6.12+commit.27d51765)
[73/243] DeFi_Lending (0x3d981921...)
  OK: Unitroller (104213 chars, single, v0.5.8+commit.23d335f2)
[74/243] DeFi_Lending (0xb53c1a33...)
  OK: LendingPoolAddressesProvider (2320 chars, multi-file, v0.6.12+commit.27d51765)
[75/243] DeFi_Lending (0x5d3a536e...)
  OK: CErc20Delegator (36347 chars, single, v0.5.12+commit.7709ece9)
[76/243] DeFi_Lending (0x4ddc2d19...)
  OK: CEther (102880 chars, single, v0.5.8+commit.23d335f2)
[77/243] DeFi_Lending (0x39aa39c0...)
  OK: CErc20 (105692 chars, single, v0.5.8+commit.23d335f2)
[78/243] DeFi_Lending (0xf650c3d8...)
  OK: CErc20Delegator (33361 chars, multi-file, v0.5.16+commit.9c3226ce)
[79/243] DeFi_Lending (0x35d1b3f3...)
  OK: Vat (10568 chars, single, v0.5.12+commit.7709ece9)
[80/243] DeFi_Lending (0x197e90f9...)
  OK: Pot (7624 chars, single, v0.5.12+commit.7709ece9)
[81/243] DeFi_Lending (0xbbbbbbbb...)
  OK: Morpho (2576 chars, multi-file, v0.8.19+commit.7dd6d404)
[82/243] DeFi_Lending (0x8888882f...)
  OK: TransparentUpgradeableProxy (28196 chars, multi-file, v0.8.13+commit.abaa5c0e)
[83/243] DeFi_Lending (0xa7995f71...)
  OK: EthereumBundler (158602 chars, multi-file, v0.8.21+commit.d9974bed)
[84/243] DeFi_Lending (0x9aee0b04...)
  OK: TransparentUpgradeableProxy (24672 chars, multi-file, v0.8.10+commit.fc410830)
[85/243] DeFi_Staking (0xae7ab965...)
  OK: AppProxyUpgradeable (13050 chars, single, v0.4.24+commit.e67f0147)
[86/243] DeFi_Staking (0x00000000...)
  OK: DepositContract (8113 chars, single, v0.6.11+commit.5ef660b1)
[87/243] DeFi_Staking (0x7f39c581...)
  OK: WstETH (42329 chars, single, v0.6.12+commit.27d51765)
[88/243] DeFi_Staking (0xae78736c...)
  OK: RocketTokenRETH (48140 chars, multi-file, v0.7.6+commit.7338295f)
[89/243] DeFi_Staking (0xf403c135...)
  OK: Booster (45263 chars, single, v0.6.12+commit.27d51765)
[90/243] DeFi_Staking (0x4e3fbd56...)
  OK: ConvexToken (42296 chars, single, v0.6.12+commit.27d51765)
[91/243] DeFi_Staking (0x62b9c735...)
  OK: cvxCrvToken (41009 chars, single, v0.6.12+commit.27d51765)
[92/243] DeFi_Staking (0x3fe65692...)
  OK: BaseRewardPool (38766 chars, single, v0.6.12+commit.27d51765)
[93/243] DeFi_Staking (0x85864637...)
  OK: TransparentUpgradeableProxy (28406 chars, multi-file, v0.8.12+commit.f00d7308)
[94/243] DeFi_Staking (0x39053d51...)
  OK: TransparentUpgradeableProxy (28406 chars, multi-file, v0.8.12+commit.f00d7308)
[95/243] DeFi_Staking (0xb671f221...)
  OK: RewardEscrow (26755 chars, single, v0.4.25+commit.59dbf8f1)
[96/243] DeFi_Staking (0x3f27c540...)
  OK: StakingRewards (25852 chars, single, v0.5.16+commit.9c3226ce)
[97/243] DeFi_Staking (0x167009dc...)
  OK: StakingRewards (25706 chars, single, v0.5.16+commit.9c3226ce)
[98/243] DeFi_Staking (0xfbaedde7...)
  OK: StakingRewards (19023 chars, single, v0.5.17+commit.d19bba13)
[99/243] DeFi_Staking (0xd18140b4...)
  OK: CvxLocker (67882 chars, single, v0.6.12+commit.27d51765)
[100/243] DeFi_Staking (0x83f20f44...)
  OK: SavingsDai (15088 chars, single, v0.8.17+commit.8df45f5f)
[101/243] ERC1155_Multi-Token (0xb66a603f...)
  OK: TransparentUpgradeableProxy (26835 chars, multi-file, v0.8.2+commit.661d1103)
[102/243] ERC1155_Multi-Token (0xa342f5d8...)
  OK: AdminUpgradeabilityProxy (16248 chars, multi-file, v0.6.8+commit.0bbfe453)
[103/243] ERC1155_Multi-Token (0x0e3a2a1f...)
  OK: BatchWrapper (79916 chars, single, v0.5.11+commit.c082d0b4)
[104/243] ERC1155_Multi-Token (0x348fc118...)
  OK: Mintvial (912 chars, multi-file, v0.8.7+commit.e28d00a7)
[105/243] ERC1155_Multi-Token (0xf629cbd9...)
  OK: ENJToken (18285 chars, single, v0.4.15+commit.bbb8e64f)
[106/243] ERC1155_Multi-Token (0x564cb55c...)
  OK: Cards (49751 chars, single, v0.5.11+commit.c082d0b4)
[107/243] ERC1155_Multi-Token (0xd07dc426...)
  OK: RaribleToken (45944 chars, single, v0.5.17+commit.d19bba13)
[108/243] ERC1155_Multi-Token (0x7daec605...)
  OK: ERC1967Proxy (34579 chars, single, v0.8.2+commit.661d1103)
[109/243] ERC1155_Multi-Token (0x76be3b62...)
  OK: RaribleUserToken (46549 chars, single, v0.5.17+commit.d19bba13)
[110/243] ERC1155_Multi-Token (0x7deb7bce...)
  OK: Planets (71499 chars, multi-file, v0.8.4+commit.c7e474f2)
[111/243] ERC1155_Multi-Token (0x2a46f2ff...)
  OK: DigitalMediaCore (78861 chars, single, v0.4.25+commit.59dbf8f1)
[112/243] ERC1155_Multi-Token (0x33fd4269...)
  OK: MEMES (23463 chars, multi-file, v0.8.7+commit.e28d00a7)
[113/243] ERC20_Token (0xdac17f95...)
  OK: TetherToken (14888 chars, single, v0.4.18+commit.9cf6e910)
[114/243] ERC20_Token (0xa0b86991...)
  OK: FiatTokenProxy (11012 chars, single, v0.4.24+commit.e67f0147)
[115/243] ERC20_Token (0x6b175474...)
  OK: Dai (7965 chars, single, v0.5.12+commit.7709ece9)
[116/243] ERC20_Token (0x51491077...)
  OK: LinkToken (9102 chars, single, v0.4.16+commit.d7661dd9)
[117/243] ERC20_Token (0x1f9840a8...)
  OK: Uni (23858 chars, single, v0.5.16+commit.9c3226ce)
[118/243] ERC20_Token (0x7fc66500...)
  OK: InitializableAdminUpgradeabilityProxy (14162 chars, multi-file, v0.6.10+commit.00c0fcaf)
[119/243] ERC20_Token (0x2260fac5...)
  OK: WBTC (18286 chars, single, v0.4.24+commit.e67f0147)
[120/243] ERC20_Token (0x95ad61b0...)
  OK: TokenMintERC20Token (16783 chars, single, v0.5.0+commit.1d4f565a)
[121/243] ERC20_Token (0x4d224452...)
  OK: SimpleToken (16052 chars, multi-file, v0.8.10+commit.fc410830)
[122/243] ERC20_Token (0x3845bada...)
  OK: Sand (8041 chars, multi-file, v0.5.9+commit.e560f70d)
[123/243] ERC20_Token (0x9f8f72aa...)
  OK: DSToken (15513 chars, single, v0.4.18+commit.9cf6e910)
[124/243] ERC20_Token (0xc011a73e...)
  OK: ProxyERC20 (15176 chars, single, v0.4.25+commit.59dbf8f1)
[125/243] ERC20_Token (0xc00e94cb...)
  OK: Comp (12595 chars, single, v0.5.16+commit.9c3226ce)
[126/243] ERC20_Token (0x5a98fcbe...)
  OK: MiniMeToken (25437 chars, single, v0.4.24+commit.e67f0147)
[127/243] ERC20_Token (0x853d955a...)
  OK: FRAXStablecoin (38225 chars, multi-file, v0.6.11+commit.5ef660b1)
[128/243] ERC721_NFT (0xbc4ca0ed...)
  OK: BoredApeYachtClub (70902 chars, single, v0.7.0+commit.9e61f92b)
[129/243] ERC721_NFT (0xb7f7f6c5...)
  OK: WrappedPunk (57871 chars, single, v0.5.17+commit.d19bba13)
[130/243] ERC721_NFT (0xed5af388...)
  OK: Azuki (45963 chars, multi-file, v0.8.4+commit.c7e474f2)
[131/243] ERC721_NFT (0x8a90cab2...)
  OK: Doodles (49444 chars, multi-file, v0.8.6+commit.11564f7e)
[132/243] ERC721_NFT (0x49cf6f5d...)
  OK: CloneX (912 chars, multi-file, v0.8.7+commit.e28d00a7)
[133/243] ERC721_NFT (0x23581767...)
  OK: Moonbirds (136000 chars, multi-file, v0.8.11+commit.d7f03943)
[134/243] ERC721_NFT (0x34d85c9c...)
  OK: Land (86140 chars, multi-file, v0.8.10+commit.fc410830)
[135/243] ERC721_NFT (0xbd3531da...)
  OK: PudgyPenguins (55776 chars, multi-file, v0.8.6+commit.11564f7e)
[136/243] ERC721_NFT (0xa7d8d9ef...)
  OK: GenArt721Core (47521 chars, single, v0.5.17+commit.d19bba13)
[137/243] ERC721_NFT (0xff9c1b15...)
  OK: Loot (56428 chars, single, v0.8.4+commit.c7e474f2)
[138/243] ERC721_NFT (0x60e4d786...)
  OK: MutantApeYachtClub (57995 chars, multi-file, v0.8.6+commit.11564f7e)
[139/243] ERC721_NFT (0x7bd29408...)
  OK: Meebits (24932 chars, single, v0.7.6+commit.7338295f)
[140/243] ERC721_NFT (0xe785e823...)
  OK: WorldOfWomen (6394 chars, multi-file, v0.8.0+commit.c7dfd78e)
[141/243] ERC721_NFT (0x9c8ff314...)
  OK: NounsToken (10787 chars, multi-file, v0.8.6+commit.11564f7e)
[142/243] ERC721_NFT (0x5cc5b05a...)
  OK: TransparentUpgradeableProxy (18271 chars, multi-file, v0.7.6+commit.7338295f)
[143/243] Escrow (0x15afa5b8...)
  OK: PaymentSplitter (23123 chars, multi-file, v0.8.11+commit.d7f03943)
[144/243] Escrow (0xd28dbd19...)
  OK: PaymentSplitter (19951 chars, multi-file, v0.8.6+commit.11564f7e)
[145/243] Escrow (0x5fa0cae2...)
  OK: PaymentSplitter (2817 chars, multi-file, v0.8.7+commit.e28d00a7)
[146/243] Escrow (0x097ee00f...)
  OK: PaymentSplitter (35427 chars, single, v0.6.12+commit.27d51765)
[147/243] Escrow (0x505cfce6...)
  OK: TheConnorsPaymentSplitter (30900 chars, multi-file, v0.8.17+commit.8df45f5f)
[148/243] Escrow (0xf8ce90c2...)
  OK: DepositHelper (21764 chars, single, v0.5.16+commit.9c3226ce)
[149/243] Escrow (0x5fd79d46...)
  OK: SynthetixBridgeEscrow (23883 chars, single, v0.5.16+commit.9c3226ce)
[150/243] Escrow (0xa0c68c63...)
  OK: RootChainManagerProxy (4867 chars, single, v0.6.6+commit.6c089d02)
[151/243] Escrow (0x3154cf16...)
  OK: L1ChugSplashProxy (11063 chars, multi-file, v0.8.15+commit.e14f2714)
[152/243] Escrow (0x053c80ea...)
  OK: VaultProxy (7041 chars, single, v0.5.16+commit.9c3226ce)
[153/243] Escrow (0xf9e5f902...)
  OK: NoMintRewardPool (32280 chars, single, v0.5.16+commit.9c3226ce)
[154/243] Escrow (0x44e94034...)
  OK: ERC1155LazyPayableClaim (6924 chars, multi-file, v0.8.17+commit.8df45f5f)
[155/243] Flash_Loan_Provider (0x398eC734...)
  OK: InitializableAdminUpgradeabilityProxy (239411 chars, single, v0.5.14+commit.1f1aaa4)
[156/243] Flash_Loan_Provider (0x1e0447b1...)
  OK: SoloMargin (154192 chars, single, v0.5.7+commit.6da8b019)
[157/243] Flash_Loan_Provider (0xa8b39829...)
  OK: PayableProxyForSoloMargin (159823 chars, single, v0.5.7+commit.6da8b019)
[158/243] Flash_Loan_Provider (0x3dfd23a6...)
  OK: InitializableAdminUpgradeabilityProxy (239411 chars, single, v0.5.14+commit.1f1aaa4)
[159/243] Flash_Loan_Provider (0x24a42fd2...)
  OK: LendingPoolAddressesProvider (239482 chars, single, v0.5.14+commit.1f1aaa4)
[160/243] Flash_Loan_Provider (0x60744434...)
  OK: DssFlash (12851 chars, single, v0.6.12+commit.27d51765)
[161/243] Flash_Loan_Provider (0x987115c3...)
  OK: LendingPool (24138 chars, multi-file, v0.6.12+commit.27d51765)
[162/243] Governance_DAO (0xc0da0293...)
  OK: GovernorBravoDelegator (9603 chars, multi-file, v0.5.17+commit.d19bba13)
[163/243] Governance_DAO (0xc0da01a0...)
  OK: GovernorAlpha (14873 chars, single, v0.5.16+commit.9c3226ce)
[164/243] Governance_DAO (0xec568fff...)
  OK: AaveGovernanceV2 (47082 chars, single, v0.7.5+commit.eb77ed08)
[165/243] Governance_DAO (0x408ed635...)
  OK: GovernorBravoDelegator (9574 chars, multi-file, v0.5.16+commit.9c3226ce)
[166/243] Governance_DAO (0x5e4be8bc...)
  OK: GovernorAlpha (14043 chars, single, v0.5.16+commit.9c3226ce)
[167/243] Governance_DAO (0x323a7639...)
  OK: ENSGovernor (121839 chars, multi-file, v0.8.7+commit.e28d00a7)
[168/243] Governance_DAO (0xdbd27635...)
  OK: GovernorAlpha (14016 chars, single, v0.6.12+commit.27d51765)
[169/243] Governance_DAO (0x6f3e6272...)
  OK: NounsDAOProxy (14291 chars, multi-file, v0.8.6+commit.11564f7e)
[170/243] Governance_DAO (0x0bc3807e...)
  OK: NounsDAOExecutor (6569 chars, multi-file, v0.8.6+commit.11564f7e)
[171/243] Governance_DAO (0xac43e14c...)
  OK: Governance (49132 chars, multi-file, v0.8.6+commit.11564f7e)
[172/243] Governance_DAO (0x5300a1a1...)
  OK: Executor (1709 chars, multi-file, v0.8.19+commit.7dd6d404)
[173/243] Governance_DAO (0x17dd33ed...)
  OK: Executor (1709 chars, multi-file, v0.8.19+commit.7dd6d404)
[174/243] Governance_DAO (0x3e40d73e...)
  OK: AppProxyUpgradeable (13050 chars, single, v0.4.24+commit.e67f0147)
[175/243] Governance_DAO (0xde30da39...)
  OK: GTC (24243 chars, single, v0.6.12+commit.27d51765)
[176/243] Multisig_Wallet (0xd9db270c...)
  OK: GnosisSafe (1518 chars, multi-file, v0.7.6+commit.7338295f)
[177/243] Multisig_Wallet (0xa6b71e26...)
  OK: GnosisSafeProxyFactory (8032 chars, multi-file, v0.7.6+commit.7338295f)
[178/243] Multisig_Wallet (0xafc2f2d8...)
  OK: Proxy (1456 chars, single, v0.5.7+commit.6da8b019)
[179/243] Multisig_Wallet (0x5a0aae59...)
  OK: GnosisSafeProxy (8046 chars, single, v0.7.6+commit.7338295f)
[180/243] Multisig_Wallet (0x40ec5b33...)
  OK: ERC20PredicateProxy (4862 chars, single, v0.6.6+commit.6c089d02)
[181/243] Multisig_Wallet (0x401f6c98...)
  OK: DepositManagerProxy (34641 chars, single, v0.5.11+commit.c082d0b4)
[182/243] Multisig_Wallet (0x34cfac64...)
  OK: GnosisSafe (44444 chars, single, v0.5.14+commit.1f1aaa4)
[183/243] Multisig_Wallet (0x4e1dcf7a...)
  OK: SafeProxyFactory (9145 chars, multi-file, v0.7.6+commit.7338295f)
[184/243] Multisig_Wallet (0x76e2cfc1...)
  OK: ProxyFactory (7719 chars, single, v0.5.14+commit.1f1aaa4)
[185/243] Multisig_Wallet (0x0da0c3e5...)
  OK: Proxy (1799 chars, single, v0.5.14+commit.1f1aaa4)
[186/243] Multisig_Wallet (0x1389388d...)
  OK: TreasuryFunds (23277 chars, single, v0.6.12+commit.27d51765)
[187/243] Multisig_Wallet (0x93a62da5...)
  OK: TreasuryVault (8243 chars, single, v0.5.17+commit.d19bba13)
[188/243] Multisig_Wallet (0xa06c2b67...)
  OK: GnosisSafeProxy (8046 chars, single, v0.7.6+commit.7338295f)
[189/243] Multisig_Wallet (0x81698f87...)
  OK: GnosisSafeProxy (8046 chars, single, v0.7.6+commit.7338295f)
[190/243] Proxy_Upgradeable_UUPS (0xA7AeFeaD...)
  OK: ERC1967Proxy (34508 chars, single, v0.8.2+commit.661d1103)
[191/243] Proxy_Upgradeable_UUPS (0xee6a57ec...)
  OK: TransparentUpgradeableProxy (19785 chars, multi-file, v0.7.4+commit.3f05b770)
[192/243] Proxy_Upgradeable_UUPS (0xe140bb5f...)
  OK: TransparentUpgradeableProxy (27932 chars, multi-file, v0.8.11+commit.d7f03943)
[193/243] Proxy_Upgradeable_UUPS (0x3d3d0a78...)
  OK: TransparentUpgradeableProxy (27932 chars, multi-file, v0.8.11+commit.d7f03943)
[194/243] Proxy_Upgradeable_UUPS (0xc68421f2...)
  OK: TransparentUpgradeableProxy (28438 chars, multi-file, v0.8.17+commit.8df45f5f)
[195/243] Proxy_Upgradeable_UUPS (0xa5565d26...)
  OK: TransparentUpgradeableProxy (28302 chars, multi-file, v0.8.17+commit.8df45f5f)
[196/243] Proxy_Upgradeable_UUPS (0xa7c21fd9...)
  OK: TransparentUpgradeableProxy (28206 chars, multi-file, v0.8.10+commit.fc410830)
[197/243] Proxy_Upgradeable_UUPS (0x99c9fc46...)
  OK: L1ChugSplashProxy (11470 chars, multi-file, v0.7.6+commit.7338295f)
[198/243] Proxy_Upgradeable_UUPS (0x830bd73e...)
  OK: NounsAuctionHouseProxy (27328 chars, multi-file, v0.8.6+commit.11564f7e)
[199/243] Proxy_Upgradeable_UUPS (0x7cfa0f10...)
  OK: RootChainManager (74842 chars, single, v0.6.6+commit.6c089d02)
[200/243] Proxy_Upgradeable_UUPS (0x8315177a...)
  OK: TransparentUpgradeableProxy (28228 chars, multi-file, v0.8.9+commit.e5eed63a)
[201/243] Proxy_Upgradeable_UUPS (0xd5f7838f...)
  OK: TransparentUpgradeableProxy (34212 chars, multi-file, v0.8.20+commit.a1b79de6)
[202/243] Proxy_Upgradeable_UUPS (0x2f39d218...)
  OK: PoolAddressesProvider (30811 chars, multi-file, v0.8.10+commit.fc410830)
[203/243] Proxy_Upgradeable_UUPS (0x5c7bcd6e...)
  OK: ERC1967Proxy (21777 chars, multi-file, v0.8.9+commit.e5eed63a)
[204/243] Proxy_Upgradeable_UUPS (0xbe989514...)
  OK: FiatTokenProxy (20964 chars, multi-file, v0.6.12+commit.27d51765)
[205/243] Proxy_Upgradeable_UUPS (0x00000000...)
  OK: Seaport (35196 chars, multi-file, v0.8.14+commit.80d49f37)
[206/243] Timelock (0x6d903f60...)
  OK: Timelock (10485 chars, single, v0.5.8+commit.23d335f2)
[207/243] Timelock (0x1a9c8182...)
  OK: Timelock (11411 chars, single, v0.5.16+commit.9c3226ce)
[208/243] Timelock (0xee56e2b3...)
  OK: Executor (43817 chars, single, v0.7.5+commit.eb77ed08)
[209/243] Timelock (0xb1a32fc9...)
  OK: NounsDAOExecutorProxy (22550 chars, multi-file, v0.8.19+commit.7dd6d404)
[210/243] Timelock (0xd4b6cd14...)
  OK: LiquidatorProxyV1ForSoloMargin (67358 chars, single, v0.5.7+commit.6da8b019)
[211/243] Timelock (0x3d5bc3c8...)
  OK: Unitroller (115907 chars, multi-file, v0.5.17+commit.d19bba13)
[212/243] Timelock (0xda2c3383...)
  OK: Stake_FXS_WETH (157736 chars, multi-file, v0.6.11+commit.5ef660b1)
[213/243] Timelock (0x46c9999a...)
  OK: TerminalDirectory (11506 chars, multi-file, v0.8.6+commit.11564f7e)
[214/243] Timelock (0x8302fe9f...)
  OK: StakingRewards (18972 chars, single, v0.5.17+commit.d19bba13)
[215/243] Timelock (0x9a8541dd...)
  OK: Timelock (12318 chars, single, v0.6.12+commit.27d51765)
[216/243] Timelock (0xbe286431...)
  OK: DSPause (7621 chars, single, v0.5.12+commit.7709ece9)
[217/243] Timelock (0xbe8e3e36...)
  OK: DSPauseProxy (7621 chars, single, v0.5.12+commit.7709ece9)
[218/243] Timelock (0xa9505244...)
  OK: Vow (7790 chars, single, v0.5.12+commit.7709ece9)
[219/243] Timelock (0x61910ecd...)
  OK: Executor (43817 chars, single, v0.7.5+commit.eb77ed08)
[220/243] Timelock (0xd7a029db...)
  OK: TokenLock (19167 chars, multi-file, v0.8.7+commit.e28d00a7)
[221/243] Wrapped_Token (0xc02aaa39...)
  OK: WETH9 (38401 chars, single, v0.4.19+commit.c4cbbb05)
[222/243] Wrapped_Token (0x5e842234...)
  OK: frxETH (59965 chars, single, v0.8.16+commit.07a7930e)
[223/243] Wrapped_Token (0xac3e0184...)
  OK: sfrxETH (45130 chars, single, v0.8.16+commit.07a7930e)
[224/243] Wrapped_Token (0xf951e335...)
  OK: TransparentUpgradeableProxy (26835 chars, multi-file, v0.8.9+commit.e5eed63a)
[225/243] Wrapped_Token (0xe95a203b...)
  OK: AdminUpgradeabilityProxy (10680 chars, single, v0.6.8+commit.0bbfe453)
[226/243] Wrapped_Token (0x856c4efb...)
  OK: OETHProxy (5735 chars, multi-file, v0.8.7+commit.e28d00a7)
[227/243] Wrapped_Token (0xcd5fe23c...)
  OK: UUPSProxy (23849 chars, multi-file, v0.8.13+commit.abaa5c0e)
[228/243] Wrapped_Token (0x80850712...)
  OK: PENDLE (49443 chars, multi-file, v0.7.6+commit.7338295f)
[229/243] Wrapped_Token (0x2a8e1e67...)
  OK: InitializeGovernedUpgradeabilityProxy (12538 chars, single, v0.5.11+commit.c082d0b4)
[230/243] Wrapped_Token (0x8290333c...)
  OK: ANKRToken (8706 chars, single, v0.4.25+commit.59dbf8f1)
[231/243] Wrapped_Token (0xcbb7c000...)
  OK: FiatTokenProxy (20895 chars, multi-file, v0.6.12+commit.27d51765)
[232/243] Yield_Aggregator (0x5dbcf33d...)
  OK: yVault (13771 chars, single, v0.5.17+commit.d19bba13)
[233/243] Yield_Aggregator (0xaf1f5e1c...)
  OK: VaultRegistry (17901 chars, multi-file, v0.8.17+commit.8df45f5f)
[234/243] Yield_Aggregator (0xa7739fd3...)
  OK: BeefyVaultV7 (45785 chars, single, v0.8.15+commit.e14f2714)
[235/243] Yield_Aggregator (0xab7fa2b2...)
  OK: VaultProxy (7041 chars, single, v0.5.16+commit.9c3226ce)
[236/243] Yield_Aggregator (0xfe09e53a...)
  OK: VaultProxy (7041 chars, single, v0.5.16+commit.9c3226ce)
[237/243] Yield_Aggregator (0x8014595f...)
  OK: CrvDepositor (33186 chars, single, v0.6.12+commit.27d51765)
[238/243] Yield_Aggregator (0xaa0c3f5f...)
  OK: CvxCrvStakingWrapper (58949 chars, single, v0.6.12+commit.27d51765)
[239/243] Yield_Aggregator (0x0001fb05...)
  OK: YearnRewards (26187 chars, single, v0.5.16+commit.9c3226ce)
[240/243] Yield_Aggregator (0xacd43e62...)
  OK: yVault (14703 chars, single, v0.5.17+commit.d19bba13)
[241/243] Yield_Aggregator (0xf0358e8c...)
  OK: VaultProxy (7041 chars, single, v0.5.16+commit.9c3226ce)
[242/243] Yield_Aggregator (0x00000000...)
  OK: PendleRouterV3 (116293 chars, multi-file, v0.8.23+commit.f704f362)
[243/243] Yield_Aggregator (0x1b6d3e5d...)
  OK: PendleRouter (51348 chars, multi-file, v0.7.6+commit.7338295f)

============================================================
FORGE FLATTEN COMPLETE
============================================================
Success: 243
Failed: 0
Output: dataset/human_baseline_forge
  Access_Control_RBAC: 2
  Auction: 11
  Bridge_Relayer: 15
  Cross-Chain_Bridge: 11
  Cross-Chain_Messaging: 3
  Crowdfunding_ICO: 12
  DeFi_DEX_AMM: 14
  DeFi_Lending: 14
  DeFi_Staking: 16
  ERC1155_Multi-Token: 12
  ERC20_Token: 15
  ERC721_NFT: 15
  Escrow: 12
  Flash_Loan_Provider: 7
  Governance_DAO: 14
  Multisig_Wallet: 14
  Proxy_Upgradeable_UUPS: 16
  Timelock: 15
  Wrapped_Token: 11
  Yield_Aggregator: 12
