============================================================
 Human Baseline Collection
 Target: 15 contracts × 20 categories = 300
 Already collected: 0
============================================================


[ERC20_Token] Need 15 more contracts (have 0/15)
  Fetching seed 0xdac17f95...
    OK: TetherToken (14888 chars)
  Fetching seed 0xa0b86991...
    OK: FiatTokenProxy (11012 chars)
  Fetching seed 0x6b175474...
    OK: Dai (7965 chars)
  Fetching seed 0x51491077...
    OK: LinkToken (9102 chars)
  Fetching seed 0x1f9840a8...
    OK: Uni (23858 chars)
  Fetching seed 0x7fc66500...
    OK: InitializableAdminUpgradeabilityProxy (47204 chars)
  Fetching seed 0x2260fac5...
    OK: WBTC (18286 chars)
  Fetching seed 0x95ad61b0...
    OK: TokenMintERC20Token (16783 chars)
  Fetching seed 0x4d224452...
    OK: SimpleToken (16739 chars)
  Fetching seed 0x3845bada...
    OK: Sand (24154 chars)
  Fetching seed 0xd533a949...
    Skip: no valid source
  Fetching seed 0x9f8f72aa...
    OK: DSToken (15513 chars)
  Fetching seed 0xc011a73e...
    OK: ProxyERC20 (15178 chars)
  Fetching seed 0xc00e94cb...
    OK: Comp (12596 chars)
  Fetching seed 0x5a98fcbe...
    OK: MiniMeToken (25437 chars)
  Fetching seed 0x853d955a...
    OK: FRAXStablecoin (321376 chars)
  Saved: dataset/human_baseline/ERC20_Token/000_TetherToken.sol
  Saved: dataset/human_baseline/ERC20_Token/001_FiatTokenProxy.sol
  Saved: dataset/human_baseline/ERC20_Token/002_Dai.sol
  Saved: dataset/human_baseline/ERC20_Token/003_LinkToken.sol
  Saved: dataset/human_baseline/ERC20_Token/004_Uni.sol
  Saved: dataset/human_baseline/ERC20_Token/005_InitializableAdminUpgradeabilityProxy.sol
  Saved: dataset/human_baseline/ERC20_Token/006_WBTC.sol
  Saved: dataset/human_baseline/ERC20_Token/007_TokenMintERC20Token.sol
  Saved: dataset/human_baseline/ERC20_Token/008_SimpleToken.sol
  Saved: dataset/human_baseline/ERC20_Token/009_Sand.sol
  Saved: dataset/human_baseline/ERC20_Token/010_DSToken.sol
  Saved: dataset/human_baseline/ERC20_Token/011_ProxyERC20.sol
  Saved: dataset/human_baseline/ERC20_Token/012_Comp.sol
  Saved: dataset/human_baseline/ERC20_Token/013_MiniMeToken.sol
  Saved: dataset/human_baseline/ERC20_Token/014_FRAXStablecoin.sol

[ERC721_NFT] Need 15 more contracts (have 0/15)
  Fetching seed 0xbc4ca0ed...
    OK: BoredApeYachtClub (70902 chars)
  Fetching seed 0xb7f7f6c5...
    OK: WrappedPunk (57871 chars)
  Fetching seed 0xed5af388...
    OK: Azuki (47608 chars)
  Fetching seed 0x8a90cab2...
    OK: Doodles (50887 chars)
  Fetching seed 0x49cf6f5d...
    OK: CloneX (52103 chars)
  Fetching seed 0x23581767...
    OK: Moonbirds (143328 chars)
  Fetching seed 0x34d85c9c...
    OK: Land (89496 chars)
  Fetching seed 0xbd3531da...
    OK: PudgyPenguins (58975 chars)
  Fetching seed 0xa7d8d9ef...
    OK: GenArt721Core (47521 chars)
  Fetching seed 0xff9c1b15...
    OK: Loot (56428 chars)
  Fetching seed 0x60e4d786...
    OK: MutantApeYachtClub (59869 chars)
  Fetching seed 0x7bd29408...
    OK: Meebits (24932 chars)
  Fetching seed 0xe785e823...
    OK: WorldOfWomen (56330 chars)
  Fetching seed 0x9c8ff314...
    OK: NounsToken (70757 chars)
  Fetching seed 0x5cc5b05a...
    OK: TransparentUpgradeableProxy (18562 chars)
  Saved: dataset/human_baseline/ERC721_NFT/000_BoredApeYachtClub.sol
  Saved: dataset/human_baseline/ERC721_NFT/001_WrappedPunk.sol
  Saved: dataset/human_baseline/ERC721_NFT/002_Azuki.sol
  Saved: dataset/human_baseline/ERC721_NFT/003_Doodles.sol
  Saved: dataset/human_baseline/ERC721_NFT/004_CloneX.sol
  Saved: dataset/human_baseline/ERC721_NFT/005_Moonbirds.sol
  Saved: dataset/human_baseline/ERC721_NFT/006_Land.sol
  Saved: dataset/human_baseline/ERC721_NFT/007_PudgyPenguins.sol
  Saved: dataset/human_baseline/ERC721_NFT/008_GenArt721Core.sol
  Saved: dataset/human_baseline/ERC721_NFT/009_Loot.sol
  Saved: dataset/human_baseline/ERC721_NFT/010_MutantApeYachtClub.sol
  Saved: dataset/human_baseline/ERC721_NFT/011_Meebits.sol
  Saved: dataset/human_baseline/ERC721_NFT/012_WorldOfWomen.sol
  Saved: dataset/human_baseline/ERC721_NFT/013_NounsToken.sol
  Saved: dataset/human_baseline/ERC721_NFT/014_TransparentUpgradeableProxy.sol

[ERC1155_Multi-Token] Need 15 more contracts (have 0/15)
  Fetching seed 0x495f9472...
    Skip: no valid source
  Fetching seed 0xb66a603f...
    OK: TransparentUpgradeableProxy (35776 chars)
  Fetching seed 0xa342f5d8...
    OK: AdminUpgradeabilityProxy (16556 chars)
  Fetching seed 0x0e3a2a1f...
    OK: BatchWrapper (79916 chars)
  Fetching seed 0x348fc118...
    OK: Mintvial (54093 chars)
  Fetching seed 0xf629cbd9...
    OK: ENJToken (18285 chars)
  Fetching seed 0x564cb55c...
    OK: Cards (49753 chars)
  Fetching seed 0xd07dc426...
    OK: RaribleToken (45944 chars)
  Fetching seed 0xfaafdc07...
    Skip: no valid source
  Fetching seed 0x7daec605...
    OK: ERC1967Proxy (34579 chars)
  Fetching seed 0x76be3b62...
    OK: RaribleUserToken (46549 chars)
  Fetching seed 0x7deb7bce...
    OK: Planets (74153 chars)
  Fetching seed 0x2a46f2ff...
    OK: DigitalMediaCore (78861 chars)
  Fetching seed 0x33fd4269...
    OK: MEMES (23915 chars)
  Searching Etherscan for 3 more...
  Saved: dataset/human_baseline/ERC1155_Multi-Token/000_TransparentUpgradeableProxy.sol
  Saved: dataset/human_baseline/ERC1155_Multi-Token/001_AdminUpgradeabilityProxy.sol
  Saved: dataset/human_baseline/ERC1155_Multi-Token/002_BatchWrapper.sol
  Saved: dataset/human_baseline/ERC1155_Multi-Token/003_Mintvial.sol
  Saved: dataset/human_baseline/ERC1155_Multi-Token/004_ENJToken.sol
  Saved: dataset/human_baseline/ERC1155_Multi-Token/005_Cards.sol
  Saved: dataset/human_baseline/ERC1155_Multi-Token/006_RaribleToken.sol
  Saved: dataset/human_baseline/ERC1155_Multi-Token/007_ERC1967Proxy.sol
  Saved: dataset/human_baseline/ERC1155_Multi-Token/008_RaribleUserToken.sol
  Saved: dataset/human_baseline/ERC1155_Multi-Token/009_Planets.sol
  Saved: dataset/human_baseline/ERC1155_Multi-Token/010_DigitalMediaCore.sol
  Saved: dataset/human_baseline/ERC1155_Multi-Token/011_MEMES.sol
  WARNING: Only found 12/15 for ERC1155_Multi-Token

[DeFi_Staking] Need 15 more contracts (have 0/15)
  Fetching seed 0xae7ab965...
    OK: AppProxyUpgradeable (13050 chars)
  Fetching seed 0x7f39c581...
    OK: WstETH (42329 chars)
  Fetching seed 0xae78736c...
    OK: RocketTokenRETH (50036 chars)
  Fetching seed 0xf403c135...
    OK: Booster (45263 chars)
  Fetching seed 0x4e3fbd56...
    OK: ConvexToken (42296 chars)
  Fetching seed 0x62b9c735...
    OK: cvxCrvToken (41009 chars)
  Fetching seed 0x3fe65692...
    OK: BaseRewardPool (38766 chars)
  Fetching seed 0x85864637...
    OK: TransparentUpgradeableProxy (29092 chars)
  Fetching seed 0x39053d51...
    OK: TransparentUpgradeableProxy (29092 chars)
  Fetching seed 0xb671f221...
    OK: RewardEscrow (26757 chars)
  Fetching seed 0x3f27c540...
    OK: StakingRewards (25858 chars)
  Fetching seed 0x167009dc...
    OK: StakingRewards (25712 chars)
  Fetching seed 0xfbaedde7...
    OK: StakingRewards (19023 chars)
  Fetching seed 0xd18140b4...
    OK: CvxLocker (67882 chars)
  Fetching seed 0x83f20f44...
    OK: SavingsDai (15088 chars)
  Saved: dataset/human_baseline/DeFi_Staking/000_AppProxyUpgradeable.sol
  Saved: dataset/human_baseline/DeFi_Staking/001_WstETH.sol
  Saved: dataset/human_baseline/DeFi_Staking/002_RocketTokenRETH.sol
  Saved: dataset/human_baseline/DeFi_Staking/003_Booster.sol
  Saved: dataset/human_baseline/DeFi_Staking/004_ConvexToken.sol
  Saved: dataset/human_baseline/DeFi_Staking/005_cvxCrvToken.sol
  Saved: dataset/human_baseline/DeFi_Staking/006_BaseRewardPool.sol
  Saved: dataset/human_baseline/DeFi_Staking/007_TransparentUpgradeableProxy.sol
  Saved: dataset/human_baseline/DeFi_Staking/008_TransparentUpgradeableProxy.sol
  Saved: dataset/human_baseline/DeFi_Staking/009_RewardEscrow.sol
  Saved: dataset/human_baseline/DeFi_Staking/010_StakingRewards.sol
  Saved: dataset/human_baseline/DeFi_Staking/011_StakingRewards.sol
  Saved: dataset/human_baseline/DeFi_Staking/012_StakingRewards.sol
  Saved: dataset/human_baseline/DeFi_Staking/013_CvxLocker.sol
  Saved: dataset/human_baseline/DeFi_Staking/014_SavingsDai.sol

[DeFi_Lending] Need 15 more contracts (have 0/15)
  Fetching seed 0x87870bca...
    OK: InitializableImmutableAdminUpgradeabilityProxy (12432 chars)
  Fetching seed 0x7d2768de...
    OK: InitializableImmutableAdminUpgradeabilityProxy (11773 chars)
  Fetching seed 0xb53c1a33...
    OK: LendingPoolAddressesProvider (25441 chars)
  Fetching seed 0x3d981921...
    OK: Unitroller (104215 chars)
  Fetching seed 0x5d3a536e...
    OK: CErc20Delegator (36349 chars)
  Fetching seed 0x4ddc2d19...
    OK: CEther (102882 chars)
  Fetching seed 0x39aa39c0...
    OK: CErc20 (105694 chars)
  Fetching seed 0xf650c3d8...
    OK: CErc20Delegator (33578 chars)
  Fetching seed 0x35d1b3f3...
    OK: Vat (10568 chars)
  Fetching seed 0x197e90f9...
    OK: Pot (7624 chars)
  Fetching seed 0xbbbbbbbb...
    OK: Morpho (64818 chars)
  Fetching seed 0x8888882f...
    OK: TransparentUpgradeableProxy (28882 chars)
  Fetching seed 0xa7995f71...
    OK: EthereumBundler (168027 chars)
  Fetching seed 0xa2b47e3d...
    Skip: no valid source
  Fetching seed 0x9aee0b04...
    OK: TransparentUpgradeableProxy (25147 chars)
  Searching Etherscan for 1 more...
  Saved: dataset/human_baseline/DeFi_Lending/000_InitializableImmutableAdminUpgradeabilityProxy.sol
  Saved: dataset/human_baseline/DeFi_Lending/001_InitializableImmutableAdminUpgradeabilityProxy.sol
  Saved: dataset/human_baseline/DeFi_Lending/002_LendingPoolAddressesProvider.sol
  Saved: dataset/human_baseline/DeFi_Lending/003_Unitroller.sol
  Saved: dataset/human_baseline/DeFi_Lending/004_CErc20Delegator.sol
  Saved: dataset/human_baseline/DeFi_Lending/005_CEther.sol
  Saved: dataset/human_baseline/DeFi_Lending/006_CErc20.sol
  Saved: dataset/human_baseline/DeFi_Lending/007_CErc20Delegator.sol
  Saved: dataset/human_baseline/DeFi_Lending/008_Vat.sol
  Saved: dataset/human_baseline/DeFi_Lending/009_Pot.sol
  Saved: dataset/human_baseline/DeFi_Lending/010_Morpho.sol
  Saved: dataset/human_baseline/DeFi_Lending/011_TransparentUpgradeableProxy.sol
  Saved: dataset/human_baseline/DeFi_Lending/012_EthereumBundler.sol
  Saved: dataset/human_baseline/DeFi_Lending/013_TransparentUpgradeableProxy.sol
  WARNING: Only found 14/15 for DeFi_Lending

[DeFi_DEX_AMM] Need 15 more contracts (have 0/15)
  Fetching seed 0x7a250d56...
    OK: UniswapV2Router02 (33985 chars)
  Fetching seed 0x5c69bee7...
    OK: UniswapV2Factory (21871 chars)
  Fetching seed 0x1f98431c...
    OK: UniswapV3Factory (150638 chars)
  Fetching seed 0xe592427a...
    OK: SwapRouter (86868 chars)
  Fetching seed 0x68b34658...
    OK: SwapRouter02 (161391 chars)
  Fetching seed 0xd9e1ce17...
    OK: UniswapV2Router02 (35085 chars)
  Fetching seed 0xc0aee478...
    OK: UniswapV2Factory (20196 chars)
  Fetching seed 0xba122222...
    OK: Vault (292847 chars)
  Fetching seed 0xba133333...
    OK: Vault (561177 chars)
  Fetching seed 0xbebc4478...
    Skip: no valid source
  Fetching seed 0xdc24316b...
    Skip: no valid source
  Fetching seed 0x99a58482...
    Skip: no valid source
  Fetching seed 0x00000000...
    Skip: no valid source
  Fetching seed 0xa5407eae...
    Skip: no valid source
  Fetching seed 0xdcef968d...
    Skip: no valid source
  Searching Etherscan for 6 more...
  Saved: dataset/human_baseline/DeFi_DEX_AMM/000_UniswapV2Router02.sol
  Saved: dataset/human_baseline/DeFi_DEX_AMM/001_UniswapV2Factory.sol
  Saved: dataset/human_baseline/DeFi_DEX_AMM/002_UniswapV3Factory.sol
  Saved: dataset/human_baseline/DeFi_DEX_AMM/003_SwapRouter.sol
  Saved: dataset/human_baseline/DeFi_DEX_AMM/004_SwapRouter02.sol
  Saved: dataset/human_baseline/DeFi_DEX_AMM/005_UniswapV2Router02.sol
  Saved: dataset/human_baseline/DeFi_DEX_AMM/006_UniswapV2Factory.sol
  Saved: dataset/human_baseline/DeFi_DEX_AMM/007_Vault.sol
  Saved: dataset/human_baseline/DeFi_DEX_AMM/008_Vault.sol
  WARNING: Only found 9/15 for DeFi_DEX_AMM

[Governance_DAO] Need 15 more contracts (have 0/15)
  Fetching seed 0xc0da0293...
    OK: GovernorBravoDelegator (9720 chars)
  Fetching seed 0xc0da01a0...
    OK: GovernorAlpha (14874 chars)
  Fetching seed 0xec568fff...
    OK: AaveGovernanceV2 (47082 chars)
  Fetching seed 0x408ed635...
    OK: GovernorBravoDelegator (9950 chars)
  Fetching seed 0x5e4be8bc...
    OK: GovernorAlpha (14043 chars)
  Fetching seed 0x323a7639...
    OK: ENSGovernor (125510 chars)
  Fetching seed 0xdbd27635...
    OK: GovernorAlpha (14017 chars)
  Fetching seed 0x6f3e6272...
    OK: NounsDAOProxy (14409 chars)
  Fetching seed 0x0bc3807e...
    OK: NounsDAOExecutor (6577 chars)
  Fetching seed 0xac43e14c...
    OK: Governance (52097 chars)
  Fetching seed 0x5300a1a1...
    OK: Executor (16740 chars)
  Fetching seed 0x17dd33ed...
    OK: Executor (16740 chars)
  Fetching seed 0x3e40d73e...
    OK: AppProxyUpgradeable (13050 chars)
  Fetching seed 0xde30da39...
    OK: GTC (24244 chars)
  Searching Etherscan for 1 more...
  Saved: dataset/human_baseline/Governance_DAO/000_GovernorBravoDelegator.sol
  Saved: dataset/human_baseline/Governance_DAO/001_GovernorAlpha.sol
  Saved: dataset/human_baseline/Governance_DAO/002_AaveGovernanceV2.sol
  Saved: dataset/human_baseline/Governance_DAO/003_GovernorBravoDelegator.sol
  Saved: dataset/human_baseline/Governance_DAO/004_GovernorAlpha.sol
  Saved: dataset/human_baseline/Governance_DAO/005_ENSGovernor.sol
  Saved: dataset/human_baseline/Governance_DAO/006_GovernorAlpha.sol
  Saved: dataset/human_baseline/Governance_DAO/007_NounsDAOProxy.sol
  Saved: dataset/human_baseline/Governance_DAO/008_NounsDAOExecutor.sol
  Saved: dataset/human_baseline/Governance_DAO/009_Governance.sol
  Saved: dataset/human_baseline/Governance_DAO/010_Executor.sol
  Saved: dataset/human_baseline/Governance_DAO/011_Executor.sol
  Saved: dataset/human_baseline/Governance_DAO/012_AppProxyUpgradeable.sol
  Saved: dataset/human_baseline/Governance_DAO/013_GTC.sol
  WARNING: Only found 14/15 for Governance_DAO

[Multisig_Wallet] Need 15 more contracts (have 0/15)
  Fetching seed 0xd9db270c...
    OK: GnosisSafe (47775 chars)
  Fetching seed 0xa6b71e26...
    OK: GnosisSafeProxyFactory (8307 chars)
  Fetching seed 0xafc2f2d8...
    OK: Proxy (1456 chars)
  Fetching seed 0x252e7e8b...
    Skip: no valid source
  Fetching seed 0x5a0aae59...
    OK: GnosisSafeProxy (8046 chars)
  Fetching seed 0x9056d15c...
    Skip: no valid source
  Fetching seed 0x2b3ab8e7...
    Skip: no valid source
  Fetching seed 0xd45058bf...
    Skip: no valid source
  Fetching seed 0xa57adce1...
    Skip: no valid source
  Fetching seed 0x40ec5b33...
    OK: ERC20PredicateProxy (4862 chars)
  Fetching seed 0x401f6c98...
    OK: DepositManagerProxy (34641 chars)
  Fetching seed 0xe8a56771...
    Skip: no valid source
  Fetching seed 0xecb456ea...
    Skip: no valid source
  Searching Etherscan for 9 more...
  Saved: dataset/human_baseline/Multisig_Wallet/000_GnosisSafe.sol
  Saved: dataset/human_baseline/Multisig_Wallet/001_GnosisSafeProxyFactory.sol
  Saved: dataset/human_baseline/Multisig_Wallet/002_Proxy.sol
  Saved: dataset/human_baseline/Multisig_Wallet/003_GnosisSafeProxy.sol
  Saved: dataset/human_baseline/Multisig_Wallet/004_ERC20PredicateProxy.sol
  Saved: dataset/human_baseline/Multisig_Wallet/005_DepositManagerProxy.sol
  WARNING: Only found 6/15 for Multisig_Wallet

[Timelock] Need 15 more contracts (have 0/15)
  Fetching seed 0x6d903f60...
    OK: Timelock (10487 chars)
  Fetching seed 0x1a9c8182...
    OK: Timelock (11411 chars)
  Fetching seed 0xee56e2b3...
    OK: Executor (43817 chars)
  Fetching seed 0xb1a32fc9...
    OK: NounsDAOExecutorProxy (23993 chars)
  Fetching seed 0xd4b6cd14...
    OK: LiquidatorProxyV1ForSoloMargin (67358 chars)
  Fetching seed 0x3d5bc3c8...
    OK: Unitroller (116764 chars)
  Fetching seed 0xda2c3383...
    OK: Stake_FXS_WETH (321376 chars)
  Fetching seed 0x2b3ab8e7...
    Skip: no valid source
  Fetching seed 0x46c9999a...
    OK: TerminalDirectory (23970 chars)
  Fetching seed 0x8302fe9f...
    OK: StakingRewards (18972 chars)
  Searching Etherscan for 6 more...
  Saved: dataset/human_baseline/Timelock/000_Timelock.sol
  Saved: dataset/human_baseline/Timelock/001_Timelock.sol
  Saved: dataset/human_baseline/Timelock/002_Executor.sol
  Saved: dataset/human_baseline/Timelock/003_NounsDAOExecutorProxy.sol
  Saved: dataset/human_baseline/Timelock/004_LiquidatorProxyV1ForSoloMargin.sol
  Saved: dataset/human_baseline/Timelock/005_Unitroller.sol
  Saved: dataset/human_baseline/Timelock/006_Stake_FXS_WETH.sol
  Saved: dataset/human_baseline/Timelock/007_TerminalDirectory.sol
  Saved: dataset/human_baseline/Timelock/008_StakingRewards.sol
  WARNING: Only found 9/15 for Timelock

[Proxy_Upgradeable_UUPS] Need 15 more contracts (have 0/15)
  Fetching seed 0xee6a57ec...
    OK: TransparentUpgradeableProxy (26047 chars)
  Fetching seed 0xe140bb5f...
    OK: TransparentUpgradeableProxy (28625 chars)
  Fetching seed 0x3d3d0a78...
    OK: TransparentUpgradeableProxy (28625 chars)
  Fetching seed 0xc68421f2...
    OK: TransparentUpgradeableProxy (29145 chars)
  Fetching seed 0xa5565d26...
    OK: TransparentUpgradeableProxy (28988 chars)
  Fetching seed 0xa7c21fd9...
    OK: TransparentUpgradeableProxy (28892 chars)
  Fetching seed 0x99c9fc46...
    OK: L1ChugSplashProxy (11634 chars)
  Fetching seed 0x830bd73e...
    OK: NounsAuctionHouseProxy (28098 chars)
  Fetching seed 0x7cfa0f10...
    OK: RootChainManager (74842 chars)
  Searching Etherscan for 6 more...
  Saved: dataset/human_baseline/Proxy_Upgradeable_UUPS/000_TransparentUpgradeableProxy.sol
  Saved: dataset/human_baseline/Proxy_Upgradeable_UUPS/001_TransparentUpgradeableProxy.sol
  Saved: dataset/human_baseline/Proxy_Upgradeable_UUPS/002_TransparentUpgradeableProxy.sol
  Saved: dataset/human_baseline/Proxy_Upgradeable_UUPS/003_TransparentUpgradeableProxy.sol
  Saved: dataset/human_baseline/Proxy_Upgradeable_UUPS/004_TransparentUpgradeableProxy.sol
  Saved: dataset/human_baseline/Proxy_Upgradeable_UUPS/005_TransparentUpgradeableProxy.sol
  Saved: dataset/human_baseline/Proxy_Upgradeable_UUPS/006_L1ChugSplashProxy.sol
  Saved: dataset/human_baseline/Proxy_Upgradeable_UUPS/007_NounsAuctionHouseProxy.sol
  Saved: dataset/human_baseline/Proxy_Upgradeable_UUPS/008_RootChainManager.sol
  WARNING: Only found 9/15 for Proxy_Upgradeable_UUPS

[Access_Control_RBAC] Need 15 more contracts (have 0/15)
  Fetching seed 0x338e3410...
    OK: OpenZeppelinContracts (24424 chars)
  Searching Etherscan for 14 more...
  Saved: dataset/human_baseline/Access_Control_RBAC/000_OpenZeppelinContracts.sol
  WARNING: Only found 1/15 for Access_Control_RBAC

[Auction] Need 15 more contracts (have 0/15)
  Fetching seed 0xf15a9437...
    OK: NounsAuctionHouse (36663 chars)
  Fetching seed 0xd657686a...
    OK: AuctionHouse (56532 chars)
  Searching Etherscan for 13 more...
  Saved: dataset/human_baseline/Auction/000_NounsAuctionHouse.sol
  Saved: dataset/human_baseline/Auction/001_AuctionHouse.sol
  WARNING: Only found 2/15 for Auction

[Crowdfunding_ICO] Need 15 more contracts (have 0/15)
  Fetching seed 0xd569d3cc...
    OK: TerminalV1 (161933 chars)
  Fetching seed 0x981c8ecd...
    OK: TerminalV1_1 (157730 chars)
  Fetching seed 0xf507b2a1...
    OK: FundingCycles (111043 chars)
  Fetching seed 0xb9e4b658...
    OK: ModStore (27574 chars)
  Fetching seed 0x9b73d177...
    OK: ENJCrowdfund (25495 chars)
  Fetching seed 0x7b3d36eb...
    OK: StandardERC20 (31477 chars)
  Fetching seed 0xa0246c90...
    OK: RewardToken (28179 chars)
  Fetching seed 0xaffe52f0...
    OK: JuiceBox (15573 chars)
  Fetching seed 0x971e78e0...
    OK: HavvenEscrow (98941 chars)
  Fetching seed 0x5870700f...
    OK: AnyswapV6ERC20 (14735 chars)
  Fetching seed 0x9984ab53...
    OK: Banny (371921 chars)
  Fetching seed 0x1571ed0b...
    OK: VaultProxy (7009 chars)
  Searching Etherscan for 3 more...
  Saved: dataset/human_baseline/Crowdfunding_ICO/000_TerminalV1.sol
  Saved: dataset/human_baseline/Crowdfunding_ICO/001_TerminalV1_1.sol
  Saved: dataset/human_baseline/Crowdfunding_ICO/002_FundingCycles.sol
  Saved: dataset/human_baseline/Crowdfunding_ICO/003_ModStore.sol
  Saved: dataset/human_baseline/Crowdfunding_ICO/004_ENJCrowdfund.sol
  Saved: dataset/human_baseline/Crowdfunding_ICO/005_StandardERC20.sol
  Saved: dataset/human_baseline/Crowdfunding_ICO/006_RewardToken.sol
  Saved: dataset/human_baseline/Crowdfunding_ICO/007_JuiceBox.sol
  Saved: dataset/human_baseline/Crowdfunding_ICO/008_HavvenEscrow.sol
  Saved: dataset/human_baseline/Crowdfunding_ICO/009_AnyswapV6ERC20.sol
  Saved: dataset/human_baseline/Crowdfunding_ICO/010_Banny.sol
  Saved: dataset/human_baseline/Crowdfunding_ICO/011_VaultProxy.sol
  WARNING: Only found 12/15 for Crowdfunding_ICO

[Escrow] Need 15 more contracts (have 0/15)
  Fetching seed 0x15afa5b8...
    OK: PaymentSplitter (23801 chars)
  Fetching seed 0xd28dbd19...
    OK: PaymentSplitter (20484 chars)
  Fetching seed 0x5fa0cae2...
    OK: PaymentSplitter (23599 chars)
  Fetching seed 0x097ee00f...
    OK: PaymentSplitter (35427 chars)
  Fetching seed 0x505cfce6...
    OK: TheConnorsPaymentSplitter (31737 chars)
  Fetching seed 0xf8ce90c2...
    OK: DepositHelper (21764 chars)
  Searching Etherscan for 9 more...
  Saved: dataset/human_baseline/Escrow/000_PaymentSplitter.sol
  Saved: dataset/human_baseline/Escrow/001_PaymentSplitter.sol
  Saved: dataset/human_baseline/Escrow/002_PaymentSplitter.sol
  Saved: dataset/human_baseline/Escrow/003_PaymentSplitter.sol
  Saved: dataset/human_baseline/Escrow/004_TheConnorsPaymentSplitter.sol
  Saved: dataset/human_baseline/Escrow/005_DepositHelper.sol
  WARNING: Only found 6/15 for Escrow

[Flash_Loan_Provider] Need 15 more contracts (have 0/15)
  Fetching seed 0x1e0447b1...
    OK: SoloMargin (154192 chars)
  Fetching seed 0xa8b39829...
    OK: PayableProxyForSoloMargin (159823 chars)
  Fetching seed 0xbebc4478...
    Skip: no valid source
  Fetching seed 0xa2b47e3d...
    Skip: no valid source
  Searching Etherscan for 13 more...
  Saved: dataset/human_baseline/Flash_Loan_Provider/000_SoloMargin.sol
  Saved: dataset/human_baseline/Flash_Loan_Provider/001_PayableProxyForSoloMargin.sol
  WARNING: Only found 2/15 for Flash_Loan_Provider

[Yield_Aggregator] Need 15 more contracts (have 0/15)
  Fetching seed 0x5f18c75a...
    Skip: no valid source
  Fetching seed 0x19d3364a...
    Skip: no valid source
  Fetching seed 0x5dbcf33d...
    OK: yVault (13771 chars)
  Fetching seed 0xaf1f5e1c...
    OK: VaultRegistry (18165 chars)
  Fetching seed 0xa7739fd3...
    OK: BeefyVaultV7 (45785 chars)
  Fetching seed 0xab7fa2b2...
    OK: VaultProxy (7041 chars)
  Fetching seed 0xfe09e53a...
    OK: VaultProxy (7041 chars)
  Fetching seed 0x8014595f...
    OK: CrvDepositor (33186 chars)
  Fetching seed 0xaa0c3f5f...
    OK: CvxCrvStakingWrapper (58949 chars)
  Fetching seed 0x0001fb05...
    OK: YearnRewards (26187 chars)
  Searching Etherscan for 7 more...
  Saved: dataset/human_baseline/Yield_Aggregator/000_yVault.sol
  Saved: dataset/human_baseline/Yield_Aggregator/001_VaultRegistry.sol
  Saved: dataset/human_baseline/Yield_Aggregator/002_BeefyVaultV7.sol
  Saved: dataset/human_baseline/Yield_Aggregator/003_VaultProxy.sol
  Saved: dataset/human_baseline/Yield_Aggregator/004_VaultProxy.sol
  Saved: dataset/human_baseline/Yield_Aggregator/005_CrvDepositor.sol
  Saved: dataset/human_baseline/Yield_Aggregator/006_CvxCrvStakingWrapper.sol
  Saved: dataset/human_baseline/Yield_Aggregator/007_YearnRewards.sol
  WARNING: Only found 8/15 for Yield_Aggregator

[Wrapped_Token] Need 15 more contracts (have 0/15)
  Fetching seed 0xc02aaa39...
    OK: WETH9 (38401 chars)
  Fetching seed 0x5f18c75a...
    Skip: no valid source
  Searching Etherscan for 14 more...
  Saved: dataset/human_baseline/Wrapped_Token/000_WETH9.sol
  WARNING: Only found 1/15 for Wrapped_Token

[Bridge_Relayer] Need 15 more contracts (have 0/15)
  Fetching seed 0x66a71dce...
    OK: Endpoint (27986 chars)
  Fetching seed 0x1a440760...
    OK: EndpointV2 (92578 chars)
  Fetching seed 0x98f3c9e6...
    OK: Wormhole (22661 chars)
  Fetching seed 0x3ee18b22...
    OK: TokenBridge (22684 chars)
  Fetching seed 0x4f449524...
    OK: AxelarGatewayProxyMultisig (220203 chars)
  Fetching seed 0x4d73adb7...
    OK: UltraLightNodeV2 (79283 chars)
  Fetching seed 0x80226fc0...
    OK: Router (76766 chars)
  Fetching seed 0xc005dc82...
    OK: TransparentUpgradeableProxy (549711 chars)
  Fetching seed 0x25ace71c...
    OK: Lib_ResolvedDelegateProxy (7707 chars)
  Fetching seed 0x4dbd4fc5...
    OK: TransparentUpgradeableProxy (20242 chars)
  Fetching seed 0x72ce9c84...
    OK: TransparentUpgradeableProxy (20242 chars)
  Fetching seed 0x467719ad...
    OK: BurnableMintableCappedERC20 (23564 chars)
  Fetching seed 0xb5fb4be0...
    OK: InterchainProxy (6203 chars)
  Fetching seed 0x011e52e4...
    OK: SushiXSwap (63446 chars)
  Fetching seed 0x1ec9b94b...
    OK: Hyperlane (7894 chars)
  Saved: dataset/human_baseline/Bridge_Relayer/000_Endpoint.sol
  Saved: dataset/human_baseline/Bridge_Relayer/001_EndpointV2.sol
  Saved: dataset/human_baseline/Bridge_Relayer/002_Wormhole.sol
  Saved: dataset/human_baseline/Bridge_Relayer/003_TokenBridge.sol
  Saved: dataset/human_baseline/Bridge_Relayer/004_AxelarGatewayProxyMultisig.sol
  Saved: dataset/human_baseline/Bridge_Relayer/005_UltraLightNodeV2.sol
  Saved: dataset/human_baseline/Bridge_Relayer/006_Router.sol
  Saved: dataset/human_baseline/Bridge_Relayer/007_TransparentUpgradeableProxy.sol
  Saved: dataset/human_baseline/Bridge_Relayer/008_Lib_ResolvedDelegateProxy.sol
  Saved: dataset/human_baseline/Bridge_Relayer/009_TransparentUpgradeableProxy.sol
  Saved: dataset/human_baseline/Bridge_Relayer/010_TransparentUpgradeableProxy.sol
  Saved: dataset/human_baseline/Bridge_Relayer/011_BurnableMintableCappedERC20.sol
  Saved: dataset/human_baseline/Bridge_Relayer/012_InterchainProxy.sol
  Saved: dataset/human_baseline/Bridge_Relayer/013_SushiXSwap.sol
  Saved: dataset/human_baseline/Bridge_Relayer/014_Hyperlane.sol

[Cross-Chain_Bridge] Need 15 more contracts (have 0/15)
  Fetching seed 0xa3a7b6f8...
    OK: TransparentUpgradeableProxy (20242 chars)
  Fetching seed 0xb8901acb...
    OK: L1_ETH_Bridge (56258 chars)
  Fetching seed 0x3666f603...
    OK: L1_ERC20_Bridge (70543 chars)
  Fetching seed 0x914f986a...
    OK: L1_HOP_Bridge (71891 chars)
  Fetching seed 0x3e4a3a47...
    OK: L1_ERC20_Bridge (70739 chars)
  Fetching seed 0x3d4cc8a6...
    OK: L1_ERC20_Bridge (70869 chars)
  Fetching seed 0x5a7749f8...
    OK: Proxy (7211 chars)
  Fetching seed 0x4dceb440...
    OK: RollupProxy (139628 chars)
  Searching Etherscan for 7 more...
  Saved: dataset/human_baseline/Cross-Chain_Bridge/000_TransparentUpgradeableProxy.sol
  Saved: dataset/human_baseline/Cross-Chain_Bridge/001_L1_ETH_Bridge.sol
  Saved: dataset/human_baseline/Cross-Chain_Bridge/002_L1_ERC20_Bridge.sol
  Saved: dataset/human_baseline/Cross-Chain_Bridge/003_L1_HOP_Bridge.sol
  Saved: dataset/human_baseline/Cross-Chain_Bridge/004_L1_ERC20_Bridge.sol
  Saved: dataset/human_baseline/Cross-Chain_Bridge/005_L1_ERC20_Bridge.sol
  Saved: dataset/human_baseline/Cross-Chain_Bridge/006_Proxy.sol
  Saved: dataset/human_baseline/Cross-Chain_Bridge/007_RollupProxy.sol
  WARNING: Only found 8/15 for Cross-Chain_Bridge

[Cross-Chain_Messaging] Need 15 more contracts (have 0/15)
  Fetching seed 0x9685e728...
    OK: SequencerInbox (141387 chars)
  Fetching seed 0x8d64b4b4...
    OK: HyperlaneImplementation (75718 chars)
  Fetching seed 0x5ef0d09d...
    OK: RollupProxy (425827 chars)
  Searching Etherscan for 12 more...
  Saved: dataset/human_baseline/Cross-Chain_Messaging/000_SequencerInbox.sol
  Saved: dataset/human_baseline/Cross-Chain_Messaging/001_HyperlaneImplementation.sol
  Saved: dataset/human_baseline/Cross-Chain_Messaging/002_RollupProxy.sol
  WARNING: Only found 3/15 for Cross-Chain_Messaging

============================================================
 COLLECTION COMPLETE
 Total collected: 176
============================================================
  ⚠ Access_Control_RBAC: 1/15
  ⚠ Auction: 2/15
  ✓ Bridge_Relayer: 15/15
  ⚠ Cross-Chain_Bridge: 8/15
  ⚠ Cross-Chain_Messaging: 3/15
  ⚠ Crowdfunding_ICO: 12/15
  ⚠ DeFi_DEX_AMM: 9/15
  ⚠ DeFi_Lending: 14/15
  ✓ DeFi_Staking: 15/15
  ⚠ ERC1155_Multi-Token: 12/15
  ✓ ERC20_Token: 15/15
  ✓ ERC721_NFT: 15/15
  ⚠ Escrow: 6/15
  ⚠ Flash_Loan_Provider: 2/15
  ⚠ Governance_DAO: 14/15
  ⚠ Multisig_Wallet: 6/15
  ⚠ Proxy_Upgradeable_UUPS: 9/15
  ⚠ Timelock: 9/15
  ⚠ Wrapped_Token: 1/15
  ⚠ Yield_Aggregator: 8/15
