============================================================
 Human Baseline Collection
 Target: 15 contracts × 20 categories = 300
 Already collected: 176
============================================================

[ERC20_Token] Already complete (15/15)
[ERC721_NFT] Already complete (15/15)

[ERC1155_Multi-Token] Need 3 more contracts (have 12/15)
  Fetching seed 0x495f9472...
    Skip: no valid source
  Fetching seed 0xfaafdc07...
    Skip: no valid source
  Searching Etherscan for 3 more...
  WARNING: Only found 0/3 for ERC1155_Multi-Token
[DeFi_Staking] Already complete (15/15)

[DeFi_Lending] Need 1 more contracts (have 14/15)
  Fetching seed 0xa2b47e3d...
    Skip: no valid source
  Searching Etherscan for 1 more...
  WARNING: Only found 0/1 for DeFi_Lending

[DeFi_DEX_AMM] Need 6 more contracts (have 9/15)
  Fetching seed 0xbebc4478...
    Skip: no valid source
  Fetching seed 0xdc24316b...
    Skip: no valid source
  Fetching seed 0x99a58482...
    Skip: no valid source
  Fetching seed 0x00000000...
    Skip: no valid source
  Fetching seed 0xa5407eae...
    Skip: no valid source
  Fetching seed 0xdcef968d...
    Skip: no valid source
  Fetching seed 0xc36442b4...
    OK: NonfungiblePositionManager (179322 chars)
  Fetching seed 0x88e6a0c2...
    OK: UniswapV3Pool (146291 chars)
  Fetching seed 0xb27308f9...
    OK: Quoter (57561 chars)
  Fetching seed 0x11111112...
    OK: AggregationRouterV4 (98321 chars)
  Fetching seed 0x90e00ace...
    Skip: no valid source
  Fetching seed 0x8e9aa87e...
    OK: WeightedPoolFactory (234718 chars)
  Searching Etherscan for 1 more...
  Saved: dataset/human_baseline/DeFi_DEX_AMM/009_NonfungiblePositionManager.sol
  Saved: dataset/human_baseline/DeFi_DEX_AMM/010_UniswapV3Pool.sol
  Saved: dataset/human_baseline/DeFi_DEX_AMM/011_Quoter.sol
  Saved: dataset/human_baseline/DeFi_DEX_AMM/012_AggregationRouterV4.sol
  Saved: dataset/human_baseline/DeFi_DEX_AMM/013_WeightedPoolFactory.sol
  WARNING: Only found 5/6 for DeFi_DEX_AMM

[Governance_DAO] Need 1 more contracts (have 14/15)
  Searching Etherscan for 1 more...
  WARNING: Only found 0/1 for Governance_DAO

[Multisig_Wallet] Need 9 more contracts (have 6/15)
  Fetching seed 0x252e7e8b...
    Skip: no valid source
  Fetching seed 0x9056d15c...
    Skip: no valid source
  Fetching seed 0x2b3ab8e7...
    Skip: no valid source
  Fetching seed 0xd45058bf...
    Skip: no valid source
  Fetching seed 0xa57adce1...
    Skip: no valid source
  Fetching seed 0xe8a56771...
    Skip: no valid source
  Fetching seed 0xecb456ea...
    Skip: no valid source
  Fetching seed 0x6e95c8e8...
    Skip: no valid source
  Fetching seed 0x34cfac64...
    OK: GnosisSafe (44444 chars)
  Fetching seed 0x4e1dcf7a...
    OK: SafeProxyFactory (9408 chars)
  Fetching seed 0x76e2cfc1...
    OK: ProxyFactory (7719 chars)
  Fetching seed 0x0da0c3e5...
    OK: Proxy (1799 chars)
  Fetching seed 0x1389388d...
    OK: TreasuryFunds (23277 chars)
  Fetching seed 0x93a62da5...
    OK: TreasuryVault (8243 chars)
  Fetching seed 0xa06c2b67...
    OK: GnosisSafeProxy (8046 chars)
  Fetching seed 0x81698f87...
    OK: GnosisSafeProxy (8046 chars)
  Searching Etherscan for 1 more...
  Saved: dataset/human_baseline/Multisig_Wallet/006_GnosisSafe.sol
  Saved: dataset/human_baseline/Multisig_Wallet/007_SafeProxyFactory.sol
  Saved: dataset/human_baseline/Multisig_Wallet/008_ProxyFactory.sol
  Saved: dataset/human_baseline/Multisig_Wallet/009_Proxy.sol
  Saved: dataset/human_baseline/Multisig_Wallet/010_TreasuryFunds.sol
  Saved: dataset/human_baseline/Multisig_Wallet/011_TreasuryVault.sol
  Saved: dataset/human_baseline/Multisig_Wallet/012_GnosisSafeProxy.sol
  Saved: dataset/human_baseline/Multisig_Wallet/013_GnosisSafeProxy.sol
  WARNING: Only found 8/9 for Multisig_Wallet

[Timelock] Need 6 more contracts (have 9/15)
  Fetching seed 0x2b3ab8e7...
    Skip: no valid source
  Fetching seed 0x9a8541dd...
    OK: Timelock (12318 chars)
  Fetching seed 0xbe286431...
    OK: DSPause (7621 chars)
  Fetching seed 0xbe8e3e36...
    OK: DSPauseProxy (7621 chars)
  Fetching seed 0xa9505244...
    OK: Vow (7790 chars)
  Fetching seed 0x61910ecd...
    OK: Executor (43817 chars)
  Fetching seed 0xd7a029db...
    OK: TokenLock (19609 chars)
  Saved: dataset/human_baseline/Timelock/009_Timelock.sol
  Saved: dataset/human_baseline/Timelock/010_DSPause.sol
  Saved: dataset/human_baseline/Timelock/011_DSPauseProxy.sol
  Saved: dataset/human_baseline/Timelock/012_Vow.sol
  Saved: dataset/human_baseline/Timelock/013_Executor.sol
  Saved: dataset/human_baseline/Timelock/014_TokenLock.sol

[Proxy_Upgradeable_UUPS] Need 6 more contracts (have 9/15)
  Fetching seed 0x8315177a...
    OK: TransparentUpgradeableProxy (28914 chars)
  Fetching seed 0xd5f7838f...
    OK: TransparentUpgradeableProxy (35003 chars)
  Fetching seed 0x2f39d218...
    OK: PoolAddressesProvider (32298 chars)
  Fetching seed 0x5c7bcd6e...
    OK: ERC1967Proxy (38439 chars)
  Fetching seed 0xbe989514...
    OK: FiatTokenProxy (21489 chars)
  Fetching seed 0x00000000...
    OK: Seaport (467429 chars)
  Saved: dataset/human_baseline/Proxy_Upgradeable_UUPS/009_TransparentUpgradeableProxy.sol
  Saved: dataset/human_baseline/Proxy_Upgradeable_UUPS/010_TransparentUpgradeableProxy.sol
  Saved: dataset/human_baseline/Proxy_Upgradeable_UUPS/011_PoolAddressesProvider.sol
  Saved: dataset/human_baseline/Proxy_Upgradeable_UUPS/012_ERC1967Proxy.sol
  Saved: dataset/human_baseline/Proxy_Upgradeable_UUPS/013_FiatTokenProxy.sol
  Saved: dataset/human_baseline/Proxy_Upgradeable_UUPS/014_Seaport.sol

[Access_Control_RBAC] Need 14 more contracts (have 1/15)
  Fetching seed 0x3432b6a6...
    OK: FRAXShares (321376 chars)
  Fetching seed 0xd533a949...
    Skip: no valid source
  Searching Etherscan for 13 more...
  Saved: dataset/human_baseline/Access_Control_RBAC/001_FRAXShares.sol
  WARNING: Only found 1/14 for Access_Control_RBAC

[Auction] Need 13 more contracts (have 2/15)
  Fetching seed 0xe468ce99...
    OK: AuctionHouse (59742 chars)
  Fetching seed 0xcda72070...
    OK: AdminUpgradeabilityProxy (17494 chars)
  Fetching seed 0x7be8076f...
    OK: WyvernExchange (68720 chars)
  Fetching seed 0x8c9f364b...
    Skip: no valid source
  Fetching seed 0x39da4174...
    OK: BlurSwap (32516 chars)
  Fetching seed 0x00000000...
    OK: LooksRareProtocol (128517 chars)
  Fetching seed 0x59728544...
    OK: LooksRareExchange (55464 chars)
  Fetching seed 0xcd4ec7b6...
    OK: ExchangeV1 (43638 chars)
  Fetching seed 0x9757f2d2...
    OK: TransparentUpgradeableProxy (35776 chars)
  Fetching seed 0x00000000...
    OK: ERC1967Proxy (22416 chars)
  Fetching seed 0xb2ecfe4e...
    OK: ERC1967Proxy (26702 chars)
  Fetching seed 0x00000000...
    OK: Seaport (396372 chars)
  Searching Etherscan for 2 more...
  Saved: dataset/human_baseline/Auction/002_AuctionHouse.sol
  Saved: dataset/human_baseline/Auction/003_AdminUpgradeabilityProxy.sol
  Saved: dataset/human_baseline/Auction/004_WyvernExchange.sol
  Saved: dataset/human_baseline/Auction/005_BlurSwap.sol
  Saved: dataset/human_baseline/Auction/006_LooksRareProtocol.sol
  Saved: dataset/human_baseline/Auction/007_LooksRareExchange.sol
  Saved: dataset/human_baseline/Auction/008_ExchangeV1.sol
  Saved: dataset/human_baseline/Auction/009_TransparentUpgradeableProxy.sol
  Saved: dataset/human_baseline/Auction/010_ERC1967Proxy.sol
  Saved: dataset/human_baseline/Auction/011_ERC1967Proxy.sol
  Saved: dataset/human_baseline/Auction/012_Seaport.sol
  WARNING: Only found 11/13 for Auction

[Crowdfunding_ICO] Need 3 more contracts (have 12/15)
  Searching Etherscan for 3 more...
  WARNING: Only found 0/3 for Crowdfunding_ICO

[Escrow] Need 9 more contracts (have 6/15)
  Fetching seed 0x5f3b5dfe...
    Skip: no valid source
  Fetching seed 0x5fd79d46...
    OK: SynthetixBridgeEscrow (23889 chars)
  Fetching seed 0xa0c68c63...
    OK: RootChainManagerProxy (4867 chars)
  Fetching seed 0x3154cf16...
    OK: L1ChugSplashProxy (11069 chars)
  Fetching seed 0x053c80ea...
    OK: VaultProxy (7041 chars)
  Fetching seed 0xf9e5f902...
    OK: NoMintRewardPool (32280 chars)
  Fetching seed 0x44e94034...
    OK: ERC1155LazyPayableClaim (99562 chars)
  Searching Etherscan for 3 more...
  Saved: dataset/human_baseline/Escrow/006_SynthetixBridgeEscrow.sol
  Saved: dataset/human_baseline/Escrow/007_RootChainManagerProxy.sol
  Saved: dataset/human_baseline/Escrow/008_L1ChugSplashProxy.sol
  Saved: dataset/human_baseline/Escrow/009_VaultProxy.sol
  Saved: dataset/human_baseline/Escrow/010_NoMintRewardPool.sol
  Saved: dataset/human_baseline/Escrow/011_ERC1155LazyPayableClaim.sol
  WARNING: Only found 6/9 for Escrow

[Flash_Loan_Provider] Need 13 more contracts (have 2/15)
  Fetching seed 0xbebc4478...
    Skip: no valid source
  Fetching seed 0xa2b47e3d...
    Skip: no valid source
  Fetching seed 0x398ec734...
    OK: InitializableAdminUpgradeabilityProxy (239411 chars)
  Fetching seed 0x3dfd23a6...
    OK: InitializableAdminUpgradeabilityProxy (239411 chars)
  Fetching seed 0x24a42fd2...
    OK: LendingPoolAddressesProvider (239482 chars)
  Fetching seed 0x60744434...
    OK: DssFlash (12851 chars)
  Fetching seed 0xdc24316b...
    Skip: no valid source
  Fetching seed 0xa5407eae...
    Skip: no valid source
  Fetching seed 0x987115c3...
    OK: LendingPool (337761 chars)
  Searching Etherscan for 8 more...
  Saved: dataset/human_baseline/Flash_Loan_Provider/002_InitializableAdminUpgradeabilityProxy.sol
  Saved: dataset/human_baseline/Flash_Loan_Provider/003_InitializableAdminUpgradeabilityProxy.sol
  Saved: dataset/human_baseline/Flash_Loan_Provider/004_LendingPoolAddressesProvider.sol
  Saved: dataset/human_baseline/Flash_Loan_Provider/005_DssFlash.sol
  Saved: dataset/human_baseline/Flash_Loan_Provider/006_LendingPool.sol
  WARNING: Only found 5/13 for Flash_Loan_Provider

[Yield_Aggregator] Need 7 more contracts (have 8/15)
  Fetching seed 0x5f18c75a...
    Skip: no valid source
  Fetching seed 0x19d3364a...
    Skip: no valid source
  Fetching seed 0xacd43e62...
    OK: yVault (14703 chars)
  Fetching seed 0xf0358e8c...
    OK: VaultProxy (7041 chars)
  Fetching seed 0x00000000...
    OK: PendleRouterV3 (119903 chars)
  Fetching seed 0x1b6d3e5d...
    OK: PendleRouter (110768 chars)
  Searching Etherscan for 3 more...
  Saved: dataset/human_baseline/Yield_Aggregator/008_yVault.sol
  Saved: dataset/human_baseline/Yield_Aggregator/009_VaultProxy.sol
  Saved: dataset/human_baseline/Yield_Aggregator/010_PendleRouterV3.sol
  Saved: dataset/human_baseline/Yield_Aggregator/011_PendleRouter.sol
  WARNING: Only found 4/7 for Yield_Aggregator

[Wrapped_Token] Need 14 more contracts (have 1/15)
  Fetching seed 0x5f18c75a...
    Skip: no valid source
  Fetching seed 0x5e842234...
    OK: frxETH (59965 chars)
  Fetching seed 0xac3e0184...
    OK: sfrxETH (45130 chars)
  Fetching seed 0xf951e335...
    OK: TransparentUpgradeableProxy (38439 chars)
  Fetching seed 0xe95a203b...
    OK: AdminUpgradeabilityProxy (10680 chars)
  Fetching seed 0x856c4efb...
    OK: OETHProxy (23023 chars)
  Fetching seed 0xcd5fe23c...
    OK: UUPSProxy (25042 chars)
  Fetching seed 0x80850712...
    OK: PENDLE (50210 chars)
  Fetching seed 0x2a8e1e67...
    OK: InitializeGovernedUpgradeabilityProxy (12538 chars)
  Fetching seed 0x8290333c...
    OK: ANKRToken (8706 chars)
  Fetching seed 0xcbb7c000...
    OK: FiatTokenProxy (21522 chars)
  Searching Etherscan for 4 more...
  Saved: dataset/human_baseline/Wrapped_Token/001_frxETH.sol
  Saved: dataset/human_baseline/Wrapped_Token/002_sfrxETH.sol
  Saved: dataset/human_baseline/Wrapped_Token/003_TransparentUpgradeableProxy.sol
  Saved: dataset/human_baseline/Wrapped_Token/004_AdminUpgradeabilityProxy.sol
  Saved: dataset/human_baseline/Wrapped_Token/005_OETHProxy.sol
  Saved: dataset/human_baseline/Wrapped_Token/006_UUPSProxy.sol
  Saved: dataset/human_baseline/Wrapped_Token/007_PENDLE.sol
  Saved: dataset/human_baseline/Wrapped_Token/008_InitializeGovernedUpgradeabilityProxy.sol
  Saved: dataset/human_baseline/Wrapped_Token/009_ANKRToken.sol
  Saved: dataset/human_baseline/Wrapped_Token/010_FiatTokenProxy.sol
  WARNING: Only found 10/14 for Wrapped_Token
[Bridge_Relayer] Already complete (15/15)

[Cross-Chain_Bridge] Need 7 more contracts (have 8/15)
  Fetching seed 0x296f55f8...
    OK: Bridge (93333 chars)
  Fetching seed 0x2796317b...
    OK: TransparentUpgradeableProxy (18562 chars)
  Fetching seed 0x6ffd7ede...
    OK: NFTBridgeEntrypoint (22645 chars)
  Searching Etherscan for 4 more...
  Saved: dataset/human_baseline/Cross-Chain_Bridge/008_Bridge.sol
  Saved: dataset/human_baseline/Cross-Chain_Bridge/009_TransparentUpgradeableProxy.sol
  Saved: dataset/human_baseline/Cross-Chain_Bridge/010_NFTBridgeEntrypoint.sol
  WARNING: Only found 3/7 for Cross-Chain_Bridge

[Cross-Chain_Messaging] Need 12 more contracts (have 3/15)
  Searching Etherscan for 12 more...
  WARNING: Only found 0/12 for Cross-Chain_Messaging

============================================================
 COLLECTION COMPLETE
 Total collected: 241
============================================================
  ⚠ Access_Control_RBAC: 2/15
  ⚠ Auction: 13/15
  ✓ Bridge_Relayer: 15/15
  ⚠ Cross-Chain_Bridge: 11/15
  ⚠ Cross-Chain_Messaging: 3/15
  ⚠ Crowdfunding_ICO: 12/15
  ⚠ DeFi_DEX_AMM: 14/15
  ⚠ DeFi_Lending: 14/15
  ✓ DeFi_Staking: 15/15
  ⚠ ERC1155_Multi-Token: 12/15
  ✓ ERC20_Token: 15/15
  ✓ ERC721_NFT: 15/15
  ⚠ Escrow: 12/15
  ⚠ Flash_Loan_Provider: 7/15
  ⚠ Governance_DAO: 14/15
  ⚠ Multisig_Wallet: 14/15
  ✓ Proxy_Upgradeable_UUPS: 15/15
  ✓ Timelock: 15/15
  ⚠ Wrapped_Token: 11/15
  ⚠ Yield_Aggregator: 12/15
