Found 247 contracts from metadata
Total contracts to re-download: 494
[1/494] Access_Control_RBAC/000_OpenZeppelinContracts (0x338e3410...)
  OK: OpenZeppelinContracts (24424 chars, compiler v0.8.7+commit.e28d00a7)
[2/494] Access_Control_RBAC/001_FRAXShares (0x3432b6a6...)
  OK: FRAXShares (314152 chars, compiler v0.6.11+commit.5ef660b1)
[3/494] Auction/000_NounsAuctionHouse (0xf15a9437...)
  OK: NounsAuctionHouse (34890 chars, compiler v0.8.6+commit.11564f7e)
[4/494] Auction/001_AuctionHouse (0xd657686a...)
  OK: AuctionHouse (54315 chars, compiler v0.8.7+commit.e28d00a7)
[5/494] Auction/002_AuctionHouse (0xe468ce99...)
  OK: AuctionHouse (57939 chars, compiler v0.6.8+commit.0bbfe453)
[6/494] Auction/003_AdminUpgradeabilityProxy (0xcda72070...)
  OK: AdminUpgradeabilityProxy (17494 chars, compiler v0.6.8+commit.0bbfe453)
[7/494] Auction/004_WyvernExchange (0x7be8076f...)
  OK: WyvernExchange (68720 chars, compiler v0.4.23+commit.124ca40d)
[8/494] Auction/005_BlurSwap (0x39da4174...)
  OK: BlurSwap (31512 chars, compiler v0.8.13+commit.abaa5c0e)
[9/494] Auction/006_LooksRareProtocol (0x00000000...)
  OK: LooksRareProtocol (120947 chars, compiler v0.8.17+commit.8df45f5f)
[10/494] Auction/007_LooksRareExchange (0x59728544...)
  OK: LooksRareExchange (53454 chars, compiler v0.8.7+commit.e28d00a7)
[11/494] Auction/008_ExchangeV1 (0xcd4ec7b6...)
  OK: ExchangeV1 (43638 chars, compiler v0.5.17+commit.d19bba13)
[12/494] Auction/009_TransparentUpgradeableProxy (0x9757f2d2...)
  OK: TransparentUpgradeableProxy (34630 chars, compiler v0.8.2+commit.661d1103)
[14/494] Auction/011_ERC1967Proxy (0xb2ecfe4e...)
  OK: ERC1967Proxy (26129 chars, compiler v0.8.17+commit.8df45f5f)
[16/494] Bridge_Relayer/000_Endpoint (0x66a71dce...)
  OK: Endpoint (27468 chars, compiler v0.7.6+commit.7338295f)
[17/494] Bridge_Relayer/001_EndpointV2 (0x1a440760...)
  OK: EndpointV2 (88664 chars, compiler v0.8.22+commit.4fc1097e)
[18/494] Bridge_Relayer/002_Wormhole (0x98f3c9e6...)
  OK: Wormhole (22196 chars, compiler v0.8.4+commit.c7e474f2)
[19/494] Bridge_Relayer/003_TokenBridge (0x3ee18b22...)
  OK: TokenBridge (22219 chars, compiler v0.8.4+commit.c7e474f2)
[20/494] Bridge_Relayer/004_AxelarGatewayProxyMultisig (0x4f449524...)
  OK: AxelarGatewayProxyMultisig (219457 chars, compiler v0.8.9+commit.e5eed63a)
[21/494] Bridge_Relayer/005_UltraLightNodeV2 (0x4d73adb7...)
  OK: UltraLightNodeV2 (77487 chars, compiler v0.7.6+commit.7338295f)
[22/494] Bridge_Relayer/006_Router (0x80226fc0...)
  OK: Router (73769 chars, compiler v0.8.19+commit.7dd6d404)
[23/494] Bridge_Relayer/007_TransparentUpgradeableProxy (0xc005dc82...)
  OK: TransparentUpgradeableProxy (549710 chars, compiler v0.8.19+commit.7dd6d404)
[24/494] Bridge_Relayer/008_Lib_ResolvedDelegateProxy (0x25ace71c...)
  OK: Lib_ResolvedDelegateProxy (7424 chars, compiler v0.7.6+commit.7338295f)
[25/494] Bridge_Relayer/009_TransparentUpgradeableProxy (0x4dbd4fc5...)
  OK: TransparentUpgradeableProxy (20036 chars, compiler v0.6.11+commit.5ef660b1)
[26/494] Bridge_Relayer/010_TransparentUpgradeableProxy (0x72ce9c84...)
  OK: TransparentUpgradeableProxy (20036 chars, compiler v0.6.11+commit.5ef660b1)
[27/494] Bridge_Relayer/011_BurnableMintableCappedERC20 (0x467719ad...)
  OK: BurnableMintableCappedERC20 (23564 chars, compiler v0.8.9+commit.e5eed63a)
[28/494] Bridge_Relayer/012_InterchainProxy (0xb5fb4be0...)
  OK: InterchainProxy (5709 chars, compiler v0.8.21+commit.d9974bed)
[29/494] Bridge_Relayer/013_SushiXSwap (0x011e52e4...)
  OK: SushiXSwap (60737 chars, compiler v0.8.11+commit.d7f03943)
[30/494] Bridge_Relayer/014_Hyperlane (0x1ec9b94b...)
  OK: Hyperlane (7894 chars, compiler v0.8.24+commit.e11b9ed9)
[31/494] Cross-Chain_Bridge/000_TransparentUpgradeableProxy (0xa3a7b6f8...)
  OK: TransparentUpgradeableProxy (20036 chars, compiler v0.6.11+commit.5ef660b1)
[32/494] Cross-Chain_Bridge/001_L1_ETH_Bridge (0xb8901acb...)
  OK: L1_ETH_Bridge (55598 chars, compiler v0.6.12+commit.27d51765)
[33/494] Cross-Chain_Bridge/002_L1_ERC20_Bridge (0x3666f603...)
  OK: L1_ERC20_Bridge (69545 chars, compiler v0.6.12+commit.27d51765)
[34/494] Cross-Chain_Bridge/003_L1_HOP_Bridge (0x914f986a...)
  OK: L1_HOP_Bridge (70781 chars, compiler v0.6.12+commit.27d51765)
[35/494] Cross-Chain_Bridge/004_L1_ERC20_Bridge (0x3e4a3a47...)
  OK: L1_ERC20_Bridge (69741 chars, compiler v0.6.12+commit.27d51765)
[36/494] Cross-Chain_Bridge/005_L1_ERC20_Bridge (0x3d4cc8a6...)
  OK: L1_ERC20_Bridge (69871 chars, compiler v0.6.12+commit.27d51765)
[37/494] Cross-Chain_Bridge/006_Proxy (0x5a7749f8...)
  OK: Proxy (7221 chars, compiler v0.8.15+commit.e14f2714)
[38/494] Cross-Chain_Bridge/007_RollupProxy (0x4dceb440...)
  OK: RollupProxy (135023 chars, compiler v0.8.17+commit.8df45f5f)
[39/494] Cross-Chain_Bridge/008_Bridge (0x296f55f8...)
  OK: Bridge (91306 chars, compiler v0.7.6+commit.7338295f)
[40/494] Cross-Chain_Bridge/009_TransparentUpgradeableProxy (0x2796317b...)
  OK: TransparentUpgradeableProxy (18348 chars, compiler v0.7.6+commit.7338295f)
[41/494] Cross-Chain_Bridge/010_NFTBridgeEntrypoint (0x6ffd7ede...)
  OK: NFTBridgeEntrypoint (22180 chars, compiler v0.8.4+commit.c7e474f2)
[42/494] Cross-Chain_Messaging/000_SequencerInbox (0x9685e728...)
  OK: SequencerInbox (137635 chars, compiler v0.6.11+commit.5ef660b1)
[43/494] Cross-Chain_Messaging/001_HyperlaneImplementation (0x8d64b4b4...)
  OK: HyperlaneImplementation (74193 chars, compiler v0.8.23+commit.f704f362)
[44/494] Cross-Chain_Messaging/002_RollupProxy (0x5ef0d09d...)
  OK: RollupProxy (412250 chars, compiler v0.8.9+commit.e5eed63a)
[45/494] Crowdfunding_ICO/000_TerminalV1 (0xd569d3cc...)
  OK: TerminalV1 (158653 chars, compiler v0.8.6+commit.11564f7e)
[46/494] Crowdfunding_ICO/001_TerminalV1_1 (0x981c8ecd...)
  OK: TerminalV1_1 (154046 chars, compiler v0.8.6+commit.11564f7e)
[47/494] Crowdfunding_ICO/002_FundingCycles (0xf507b2a1...)
  OK: FundingCycles (108698 chars, compiler v0.8.6+commit.11564f7e)
[48/494] Crowdfunding_ICO/003_ModStore (0xb9e4b658...)
  OK: ModStore (26207 chars, compiler v0.8.6+commit.11564f7e)
[49/494] Crowdfunding_ICO/004_ENJCrowdfund (0x9b73d177...)
  OK: ENJCrowdfund (25495 chars, compiler v0.4.15+commit.bbb8e64f)
[50/494] Crowdfunding_ICO/005_StandardERC20 (0x7b3d36eb...)
  OK: StandardERC20 (31477 chars, compiler v0.7.4+commit.3f05b770)
[51/494] Crowdfunding_ICO/006_RewardToken (0xa0246c90...)
  OK: RewardToken (28179 chars, compiler v0.5.16+commit.9c3226ce)
[52/494] Crowdfunding_ICO/007_JuiceBox (0xaffe52f0...)
  OK: JuiceBox (15573 chars, compiler v0.8.4+commit.c7e474f2)
[53/494] Crowdfunding_ICO/008_HavvenEscrow (0x971e78e0...)
  OK: HavvenEscrow (98941 chars, compiler v0.4.21+commit.dfe3193c)
[54/494] Crowdfunding_ICO/009_AnyswapV6ERC20 (0x5870700f...)
  OK: AnyswapV6ERC20 (14735 chars, compiler v0.8.14+commit.80d49f37)
[55/494] Crowdfunding_ICO/010_Banny (0x9984ab53...)
  OK: Banny (362112 chars, compiler v0.8.6+commit.11564f7e)
[56/494] Crowdfunding_ICO/011_VaultProxy (0x1571ed0b...)
  OK: VaultProxy (6807 chars, compiler v0.5.16+commit.9c3226ce)
[57/494] DeFi_DEX_AMM/000_UniswapV2Router02 (0x7a250d56...)
  OK: UniswapV2Router02 (33985 chars, compiler v0.6.6+commit.6c089d02)
[58/494] DeFi_DEX_AMM/001_SwapRouter (0xE592427A...)
  OK: SwapRouter (82984 chars, compiler v0.7.6+commit.7338295f)
[59/494] DeFi_DEX_AMM/001_UniswapV2Factory (0x5c69bee7...)
  OK: UniswapV2Factory (21871 chars, compiler v0.5.16+commit.9c3226ce)
[60/494] DeFi_DEX_AMM/002_UniswapV2Router02 (0xd9e1cE17...)
  OK: UniswapV2Router02 (35085 chars, compiler v0.6.12+commit.27d51765)
[61/494] DeFi_DEX_AMM/002_UniswapV3Factory (0x1f98431c...)
  OK: UniswapV3Factory (147105 chars, compiler v0.7.6+commit.7338295f)
[62/494] DeFi_DEX_AMM/004_SwapRouter02 (0x68b34658...)
  OK: SwapRouter02 (152422 chars, compiler v0.7.6+commit.7338295f)
[63/494] DeFi_DEX_AMM/006_UniswapV2Factory (0xc0aee478...)
  OK: UniswapV2Factory (20196 chars, compiler v0.6.12+commit.27d51765)
[64/494] DeFi_DEX_AMM/007_Vault (0xba122222...)
  OK: Vault (283933 chars, compiler v0.7.1+commit.f4a555be)
[65/494] DeFi_DEX_AMM/008_Vault (0xba133333...)
  OK: Vault (546234 chars, compiler v0.8.26+commit.8a97fa7a)
[66/494] DeFi_DEX_AMM/009_NonfungiblePositionManager (0xc36442b4...)
  OK: NonfungiblePositionManager (172763 chars, compiler v0.7.6+commit.7338295f)
[67/494] DeFi_DEX_AMM/010_UniswapV3Pool (0x88e6a0c2...)
  OK: UniswapV3Pool (143084 chars, compiler v0.7.6+commit.7338295f)
[68/494] DeFi_DEX_AMM/011_Quoter (0xb27308f9...)
  OK: Quoter (55722 chars, compiler v0.7.6+commit.7338295f)
[69/494] DeFi_DEX_AMM/012_AggregationRouterV4 (0x11111112...)
  OK: AggregationRouterV4 (98321 chars, compiler v0.7.6+commit.7338295f)
[70/494] DeFi_DEX_AMM/013_WeightedPoolFactory (0x8e9aa87e...)
  OK: WeightedPoolFactory (229649 chars, compiler v0.7.1+commit.f4a555be)
[71/494] DeFi_Lending/000_InitializableImmutableAdminUpgradeabilityProxy (0x87870bca...)
  OK: InitializableImmutableAdminUpgradeabilityProxy (11652 chars, compiler v0.8.10+commit.fc410830)
[72/494] DeFi_Lending/001_InitializableImmutableAdminUpgradeabilityProxy (0x7d2768de...)
  OK: InitializableImmutableAdminUpgradeabilityProxy (11216 chars, compiler v0.6.12+commit.27d51765)
[73/494] DeFi_Lending/001_Unitroller (0x3d981921...)
  OK: Unitroller (104213 chars, compiler v0.5.8+commit.23d335f2)
[74/494] DeFi_Lending/002_LendingPoolAddressesProvider (0xb53c1a33...)
  OK: LendingPoolAddressesProvider (24341 chars, compiler v0.6.12+commit.27d51765)
[75/494] DeFi_Lending/004_CErc20Delegator (0x5d3a536e...)
  OK: CErc20Delegator (36347 chars, compiler v0.5.12+commit.7709ece9)
[76/494] DeFi_Lending/005_CEther (0x4ddc2d19...)
  OK: CEther (102880 chars, compiler v0.5.8+commit.23d335f2)
[77/494] DeFi_Lending/006_CErc20 (0x39aa39c0...)
  OK: CErc20 (105692 chars, compiler v0.5.8+commit.23d335f2)
[78/494] DeFi_Lending/007_CErc20Delegator (0xf650c3d8...)
  OK: CErc20Delegator (33439 chars, compiler v0.5.16+commit.9c3226ce)
[79/494] DeFi_Lending/008_Vat (0x35d1b3f3...)
  OK: Vat (10568 chars, compiler v0.5.12+commit.7709ece9)
[80/494] DeFi_Lending/009_Pot (0x197e90f9...)
  OK: Pot (7624 chars, compiler v0.5.12+commit.7709ece9)
[81/494] DeFi_Lending/010_Morpho (0xbbbbbbbb...)
  OK: Morpho (63136 chars, compiler v0.8.19+commit.7dd6d404)
[82/494] DeFi_Lending/011_TransparentUpgradeableProxy (0x8888882f...)
  OK: TransparentUpgradeableProxy (28376 chars, compiler v0.8.13+commit.abaa5c0e)
[83/494] DeFi_Lending/012_EthereumBundler (0xa7995f71...)
  OK: EthereumBundler (161364 chars, compiler v0.8.21+commit.d9974bed)
[84/494] DeFi_Lending/013_TransparentUpgradeableProxy (0x9aee0b04...)
  OK: TransparentUpgradeableProxy (24819 chars, compiler v0.8.10+commit.fc410830)
[85/494] DeFi_Staking/000_AppProxyUpgradeable (0xae7ab965...)
  OK: AppProxyUpgradeable (13050 chars, compiler v0.4.24+commit.e67f0147)
[86/494] DeFi_Staking/001_DepositContract (0x00000000...)
  OK: DepositContract (8113 chars, compiler v0.6.11+commit.5ef660b1)
[87/494] DeFi_Staking/001_WstETH (0x7f39c581...)
  OK: WstETH (42329 chars, compiler v0.6.12+commit.27d51765)
[88/494] DeFi_Staking/002_RocketTokenRETH (0xae78736c...)
  OK: RocketTokenRETH (48958 chars, compiler v0.7.6+commit.7338295f)
[89/494] DeFi_Staking/003_Booster (0xf403c135...)
  OK: Booster (45263 chars, compiler v0.6.12+commit.27d51765)
[90/494] DeFi_Staking/004_ConvexToken (0x4e3fbd56...)
  OK: ConvexToken (42296 chars, compiler v0.6.12+commit.27d51765)
[91/494] DeFi_Staking/005_cvxCrvToken (0x62b9c735...)
  OK: cvxCrvToken (41009 chars, compiler v0.6.12+commit.27d51765)
[92/494] DeFi_Staking/006_BaseRewardPool (0x3fe65692...)
  OK: BaseRewardPool (38766 chars, compiler v0.6.12+commit.27d51765)
[93/494] DeFi_Staking/007_TransparentUpgradeableProxy (0x85864637...)
  OK: TransparentUpgradeableProxy (28586 chars, compiler v0.8.12+commit.f00d7308)
[94/494] DeFi_Staking/008_TransparentUpgradeableProxy (0x39053d51...)
  OK: TransparentUpgradeableProxy (28586 chars, compiler v0.8.12+commit.f00d7308)
[95/494] DeFi_Staking/009_RewardEscrow (0xb671f221...)
  OK: RewardEscrow (26755 chars, compiler v0.4.25+commit.59dbf8f1)
[96/494] DeFi_Staking/010_StakingRewards (0x3f27c540...)
  OK: StakingRewards (25852 chars, compiler v0.5.16+commit.9c3226ce)
[97/494] DeFi_Staking/011_StakingRewards (0x167009dc...)
  OK: StakingRewards (25706 chars, compiler v0.5.16+commit.9c3226ce)
[98/494] DeFi_Staking/012_StakingRewards (0xfbaedde7...)
  OK: StakingRewards (19023 chars, compiler v0.5.17+commit.d19bba13)
[99/494] DeFi_Staking/013_CvxLocker (0xd18140b4...)
  OK: CvxLocker (67882 chars, compiler v0.6.12+commit.27d51765)
[100/494] DeFi_Staking/014_SavingsDai (0x83f20f44...)
  OK: SavingsDai (15088 chars, compiler v0.8.17+commit.8df45f5f)
[101/494] ERC1155_Multi-Token/000_TransparentUpgradeableProxy (0xb66a603f...)
  OK: TransparentUpgradeableProxy (34630 chars, compiler v0.8.2+commit.661d1103)
[102/494] ERC1155_Multi-Token/001_AdminUpgradeabilityProxy (0xa342f5d8...)
  OK: AdminUpgradeabilityProxy (16342 chars, compiler v0.6.8+commit.0bbfe453)
[103/494] ERC1155_Multi-Token/002_BatchWrapper (0x0e3a2a1f...)
  OK: BatchWrapper (79916 chars, compiler v0.5.11+commit.c082d0b4)
[104/494] ERC1155_Multi-Token/003_Mintvial (0x348fc118...)
  OK: Mintvial (52945 chars, compiler v0.8.7+commit.e28d00a7)
[105/494] ERC1155_Multi-Token/004_ENJToken (0xf629cbd9...)
  OK: ENJToken (18285 chars, compiler v0.4.15+commit.bbb8e64f)
[106/494] ERC1155_Multi-Token/005_Cards (0x564cb55c...)
  OK: Cards (49751 chars, compiler v0.5.11+commit.c082d0b4)
[107/494] ERC1155_Multi-Token/006_RaribleToken (0xd07dc426...)
  OK: RaribleToken (45944 chars, compiler v0.5.17+commit.d19bba13)
[108/494] ERC1155_Multi-Token/007_ERC1967Proxy (0x7daec605...)
  OK: ERC1967Proxy (34579 chars, compiler v0.8.2+commit.661d1103)
[109/494] ERC1155_Multi-Token/008_RaribleUserToken (0x76be3b62...)
  OK: RaribleUserToken (46549 chars, compiler v0.5.17+commit.d19bba13)
[110/494] ERC1155_Multi-Token/009_Planets (0x7deb7bce...)
  OK: Planets (71927 chars, compiler v0.8.4+commit.c7e474f2)
[111/494] ERC1155_Multi-Token/010_DigitalMediaCore (0x2a46f2ff...)
  OK: DigitalMediaCore (78861 chars, compiler v0.4.25+commit.59dbf8f1)
[112/494] ERC1155_Multi-Token/011_MEMES (0x33fd4269...)
  OK: MEMES (23576 chars, compiler v0.8.7+commit.e28d00a7)
[113/494] ERC20_Token/000_TetherToken (0xdac17f95...)
  OK: TetherToken (14888 chars, compiler v0.4.18+commit.9cf6e910)
[114/494] ERC20_Token/001_FiatTokenProxy (0xa0b86991...)
  OK: FiatTokenProxy (11012 chars, compiler v0.4.24+commit.e67f0147)
[115/494] ERC20_Token/002_Dai (0x6b175474...)
  OK: Dai (7965 chars, compiler v0.5.12+commit.7709ece9)
[116/494] ERC20_Token/003_LinkToken (0x51491077...)
  OK: LinkToken (9102 chars, compiler v0.4.16+commit.d7661dd9)
[117/494] ERC20_Token/004_Uni (0x1f9840a8...)
  OK: Uni (23858 chars, compiler v0.5.16+commit.9c3226ce)
[118/494] ERC20_Token/005_InitializableAdminUpgradeabilityProxy (0x7fc66500...)
  OK: InitializableAdminUpgradeabilityProxy (45693 chars, compiler v0.6.10+commit.00c0fcaf)
[119/494] ERC20_Token/006_WBTC (0x2260fac5...)
  OK: WBTC (18286 chars, compiler v0.4.24+commit.e67f0147)
[120/494] ERC20_Token/007_TokenMintERC20Token (0x95ad61b0...)
  OK: TokenMintERC20Token (16783 chars, compiler v0.5.0+commit.1d4f565a)
[121/494] ERC20_Token/008_SimpleToken (0x4d224452...)
  OK: SimpleToken (16410 chars, compiler v0.8.10+commit.fc410830)
[122/494] ERC20_Token/009_Sand (0x3845bada...)
  OK: Sand (23720 chars, compiler v0.5.9+commit.e560f70d)
[123/494] ERC20_Token/010_DSToken (0x9f8f72aa...)
  OK: DSToken (15513 chars, compiler v0.4.18+commit.9cf6e910)
[124/494] ERC20_Token/011_ProxyERC20 (0xc011a73e...)
  OK: ProxyERC20 (15176 chars, compiler v0.4.25+commit.59dbf8f1)
[125/494] ERC20_Token/012_Comp (0xc00e94cb...)
  OK: Comp (12595 chars, compiler v0.5.16+commit.9c3226ce)
[126/494] ERC20_Token/013_MiniMeToken (0x5a98fcbe...)
  OK: MiniMeToken (25437 chars, compiler v0.4.24+commit.e67f0147)
[127/494] ERC20_Token/014_FRAXStablecoin (0x853d955a...)
  OK: FRAXStablecoin (314152 chars, compiler v0.6.11+commit.5ef660b1)
[128/494] ERC721_NFT/000_BoredApeYachtClub (0xbc4ca0ed...)
  OK: BoredApeYachtClub (70902 chars, compiler v0.7.0+commit.9e61f92b)
[129/494] ERC721_NFT/001_WrappedPunk (0xb7f7f6c5...)
  OK: WrappedPunk (57871 chars, compiler v0.5.17+commit.d19bba13)
[130/494] ERC721_NFT/002_Azuki (0xed5af388...)
  OK: Azuki (46216 chars, compiler v0.8.4+commit.c7e474f2)
[131/494] ERC721_NFT/003_Doodles (0x8a90cab2...)
  OK: Doodles (49696 chars, compiler v0.8.6+commit.11564f7e)
[132/494] ERC721_NFT/004_CloneX (0x49cf6f5d...)
  OK: CloneX (50683 chars, compiler v0.8.7+commit.e28d00a7)
[133/494] ERC721_NFT/005_Moonbirds (0x23581767...)
  OK: Moonbirds (138788 chars, compiler v0.8.11+commit.d7f03943)
[134/494] ERC721_NFT/006_Land (0x34d85c9c...)
  OK: Land (87634 chars, compiler v0.8.10+commit.fc410830)
[135/494] ERC721_NFT/007_PudgyPenguins (0xbd3531da...)
  OK: PudgyPenguins (57064 chars, compiler v0.8.6+commit.11564f7e)
[136/494] ERC721_NFT/008_GenArt721Core (0xa7d8d9ef...)
  OK: GenArt721Core (47521 chars, compiler v0.5.17+commit.d19bba13)
[137/494] ERC721_NFT/009_Loot (0xff9c1b15...)
  OK: Loot (56428 chars, compiler v0.8.4+commit.c7e474f2)
[138/494] ERC721_NFT/010_MutantApeYachtClub (0x60e4d786...)
  OK: MutantApeYachtClub (58356 chars, compiler v0.8.6+commit.11564f7e)
[139/494] ERC721_NFT/011_Meebits (0x7bd29408...)
  OK: Meebits (24932 chars, compiler v0.7.6+commit.7338295f)
[140/494] ERC721_NFT/012_WorldOfWomen (0xe785e823...)
  OK: WorldOfWomen (54856 chars, compiler v0.8.0+commit.c7dfd78e)
[141/494] ERC721_NFT/013_NounsToken (0x9c8ff314...)
  OK: NounsToken (68452 chars, compiler v0.8.6+commit.11564f7e)
[142/494] ERC721_NFT/014_TransparentUpgradeableProxy (0x5cc5b05a...)
  OK: TransparentUpgradeableProxy (18348 chars, compiler v0.7.6+commit.7338295f)
[143/494] Escrow/000_PaymentSplitter (0x15afa5b8...)
  OK: PaymentSplitter (23417 chars, compiler v0.8.11+commit.d7f03943)
[144/494] Escrow/001_PaymentSplitter (0xd28dbd19...)
  OK: PaymentSplitter (20194 chars, compiler v0.8.6+commit.11564f7e)
[145/494] Escrow/002_PaymentSplitter (0x5fa0cae2...)
  OK: PaymentSplitter (23218 chars, compiler v0.8.7+commit.e28d00a7)
[146/494] Escrow/003_PaymentSplitter (0x097ee00f...)
  OK: PaymentSplitter (35427 chars, compiler v0.6.12+commit.27d51765)
[147/494] Escrow/004_TheConnorsPaymentSplitter (0x505cfce6...)
  OK: TheConnorsPaymentSplitter (31089 chars, compiler v0.8.17+commit.8df45f5f)
[148/494] Escrow/005_DepositHelper (0xf8ce90c2...)
  OK: DepositHelper (21764 chars, compiler v0.5.16+commit.9c3226ce)
[149/494] Escrow/006_SynthetixBridgeEscrow (0x5fd79d46...)
  OK: SynthetixBridgeEscrow (23883 chars, compiler v0.5.16+commit.9c3226ce)
[150/494] Escrow/007_RootChainManagerProxy (0xa0c68c63...)
  OK: RootChainManagerProxy (4867 chars, compiler v0.6.6+commit.6c089d02)
[151/494] Escrow/008_L1ChugSplashProxy (0x3154cf16...)
  OK: L1ChugSplashProxy (11079 chars, compiler v0.8.15+commit.e14f2714)
[152/494] Escrow/009_VaultProxy (0x053c80ea...)
  OK: VaultProxy (7041 chars, compiler v0.5.16+commit.9c3226ce)
[153/494] Escrow/010_NoMintRewardPool (0xf9e5f902...)
  OK: NoMintRewardPool (32280 chars, compiler v0.5.16+commit.9c3226ce)
[154/494] Escrow/011_ERC1155LazyPayableClaim (0x44e94034...)
  OK: ERC1155LazyPayableClaim (97476 chars, compiler v0.8.17+commit.8df45f5f)
[155/494] Flash_Loan_Provider/000_InitializableAdminUpgradeabilityProxy (0x398eC734...)
  OK: InitializableAdminUpgradeabilityProxy (239411 chars, compiler v0.5.14+commit.1f1aaa4)
[156/494] Flash_Loan_Provider/000_SoloMargin (0x1e0447b1...)
  OK: SoloMargin (154192 chars, compiler v0.5.7+commit.6da8b019)
[157/494] Flash_Loan_Provider/001_PayableProxyForSoloMargin (0xa8b39829...)
  OK: PayableProxyForSoloMargin (159823 chars, compiler v0.5.7+commit.6da8b019)
[158/494] Flash_Loan_Provider/003_InitializableAdminUpgradeabilityProxy (0x3dfd23a6...)
  OK: InitializableAdminUpgradeabilityProxy (239411 chars, compiler v0.5.14+commit.1f1aaa4)
[159/494] Flash_Loan_Provider/004_LendingPoolAddressesProvider (0x24a42fd2...)
  OK: LendingPoolAddressesProvider (239482 chars, compiler v0.5.14+commit.1f1aaa4)
[160/494] Flash_Loan_Provider/005_DssFlash (0x60744434...)
  OK: DssFlash (12851 chars, compiler v0.6.12+commit.27d51765)
[161/494] Flash_Loan_Provider/006_LendingPool (0x987115c3...)
  OK: LendingPool (316466 chars, compiler v0.6.12+commit.27d51765)
[162/494] Governance_DAO/000_GovernorBravoDelegator (0xc0da0293...)
  OK: GovernorBravoDelegator (9641 chars, compiler v0.5.17+commit.d19bba13)
[163/494] Governance_DAO/001_GovernorAlpha (0xc0da01a0...)
  OK: GovernorAlpha (14873 chars, compiler v0.5.16+commit.9c3226ce)
[164/494] Governance_DAO/002_AaveGovernanceV2 (0xec568fff...)
  OK: AaveGovernanceV2 (47082 chars, compiler v0.7.5+commit.eb77ed08)
[165/494] Governance_DAO/003_GovernorBravoDelegator (0x408ed635...)
  OK: GovernorBravoDelegator (9868 chars, compiler v0.5.16+commit.9c3226ce)
[166/494] Governance_DAO/004_GovernorAlpha (0x5e4be8bc...)
  OK: GovernorAlpha (14043 chars, compiler v0.5.16+commit.9c3226ce)
[167/494] Governance_DAO/005_ENSGovernor (0x323a7639...)
  OK: ENSGovernor (122421 chars, compiler v0.8.7+commit.e28d00a7)
[168/494] Governance_DAO/006_GovernorAlpha (0xdbd27635...)
  OK: GovernorAlpha (14016 chars, compiler v0.6.12+commit.27d51765)
[169/494] Governance_DAO/007_NounsDAOProxy (0x6f3e6272...)
  OK: NounsDAOProxy (14329 chars, compiler v0.8.6+commit.11564f7e)
[170/494] Governance_DAO/008_NounsDAOExecutor (0x0bc3807e...)
  OK: NounsDAOExecutor (6587 chars, compiler v0.8.6+commit.11564f7e)
[171/494] Governance_DAO/009_Governance (0xac43e14c...)
  OK: Governance (49623 chars, compiler v0.8.6+commit.11564f7e)
[172/494] Governance_DAO/010_Executor (0x5300a1a1...)
  OK: Executor (16392 chars, compiler v0.8.19+commit.7dd6d404)
[173/494] Governance_DAO/011_Executor (0x17dd33ed...)
  OK: Executor (16392 chars, compiler v0.8.19+commit.7dd6d404)
[174/494] Governance_DAO/012_AppProxyUpgradeable (0x3e40d73e...)
  OK: AppProxyUpgradeable (13050 chars, compiler v0.4.24+commit.e67f0147)
[175/494] Governance_DAO/013_GTC (0xde30da39...)
  OK: GTC (24243 chars, compiler v0.6.12+commit.27d51765)
[176/494] Multisig_Wallet/000_GnosisSafe (0xd9db270c...)
  OK: GnosisSafe (46192 chars, compiler v0.7.6+commit.7338295f)
[177/494] Multisig_Wallet/001_GnosisSafeProxyFactory (0xa6b71e26...)
  OK: GnosisSafeProxyFactory (8086 chars, compiler v0.7.6+commit.7338295f)
[178/494] Multisig_Wallet/002_Proxy (0xafc2f2d8...)
  OK: Proxy (1456 chars, compiler v0.5.7+commit.6da8b019)
[179/494] Multisig_Wallet/003_GnosisSafeProxy (0x5a0aae59...)
  OK: GnosisSafeProxy (8046 chars, compiler v0.7.6+commit.7338295f)
[180/494] Multisig_Wallet/004_ERC20PredicateProxy (0x40ec5b33...)
  OK: ERC20PredicateProxy (4862 chars, compiler v0.6.6+commit.6c089d02)
[181/494] Multisig_Wallet/005_DepositManagerProxy (0x401f6c98...)
  OK: DepositManagerProxy (34641 chars, compiler v0.5.11+commit.c082d0b4)
[182/494] Multisig_Wallet/006_GnosisSafe (0x34cfac64...)
  OK: GnosisSafe (44444 chars, compiler v0.5.14+commit.1f1aaa4)
[183/494] Multisig_Wallet/007_SafeProxyFactory (0x4e1dcf7a...)
  OK: SafeProxyFactory (9199 chars, compiler v0.7.6+commit.7338295f)
[184/494] Multisig_Wallet/008_ProxyFactory (0x76e2cfc1...)
  OK: ProxyFactory (7719 chars, compiler v0.5.14+commit.1f1aaa4)
[185/494] Multisig_Wallet/009_Proxy (0x0da0c3e5...)
  OK: Proxy (1799 chars, compiler v0.5.14+commit.1f1aaa4)
[186/494] Multisig_Wallet/010_TreasuryFunds (0x1389388d...)
  OK: TreasuryFunds (23277 chars, compiler v0.6.12+commit.27d51765)
[187/494] Multisig_Wallet/011_TreasuryVault (0x93a62da5...)
  OK: TreasuryVault (8243 chars, compiler v0.5.17+commit.d19bba13)
[188/494] Multisig_Wallet/012_GnosisSafeProxy (0xa06c2b67...)
  OK: GnosisSafeProxy (8046 chars, compiler v0.7.6+commit.7338295f)
[189/494] Multisig_Wallet/013_GnosisSafeProxy (0x81698f87...)
  OK: GnosisSafeProxy (8046 chars, compiler v0.7.6+commit.7338295f)
[190/494] Proxy_Upgradeable_UUPS/000_ERC1967Proxy (0xA7AeFeaD...)
  OK: ERC1967Proxy (34508 chars, compiler v0.8.2+commit.661d1103)
[191/494] Proxy_Upgradeable_UUPS/000_TransparentUpgradeableProxy (0xee6a57ec...)
  OK: TransparentUpgradeableProxy (25634 chars, compiler v0.7.4+commit.3f05b770)
[192/494] Proxy_Upgradeable_UUPS/001_TransparentUpgradeableProxy (0xe140bb5f...)
  OK: TransparentUpgradeableProxy (28095 chars, compiler v0.8.11+commit.d7f03943)
[193/494] Proxy_Upgradeable_UUPS/002_TransparentUpgradeableProxy (0x3d3d0a78...)
  OK: TransparentUpgradeableProxy (28095 chars, compiler v0.8.11+commit.d7f03943)
[194/494] Proxy_Upgradeable_UUPS/003_TransparentUpgradeableProxy (0xc68421f2...)
  OK: TransparentUpgradeableProxy (28636 chars, compiler v0.8.17+commit.8df45f5f)
[195/494] Proxy_Upgradeable_UUPS/004_TransparentUpgradeableProxy (0xa5565d26...)
  OK: TransparentUpgradeableProxy (28482 chars, compiler v0.8.17+commit.8df45f5f)
[196/494] Proxy_Upgradeable_UUPS/005_TransparentUpgradeableProxy (0xa7c21fd9...)
  OK: TransparentUpgradeableProxy (28386 chars, compiler v0.8.10+commit.fc410830)
[197/494] Proxy_Upgradeable_UUPS/006_L1ChugSplashProxy (0x99c9fc46...)
  OK: L1ChugSplashProxy (11511 chars, compiler v0.7.6+commit.7338295f)
[198/494] Proxy_Upgradeable_UUPS/007_NounsAuctionHouseProxy (0x830bd73e...)
  OK: NounsAuctionHouseProxy (27517 chars, compiler v0.8.6+commit.11564f7e)
[199/494] Proxy_Upgradeable_UUPS/008_RootChainManager (0x7cfa0f10...)
  OK: RootChainManager (74842 chars, compiler v0.6.6+commit.6c089d02)
[200/494] Proxy_Upgradeable_UUPS/009_TransparentUpgradeableProxy (0x8315177a...)
  OK: TransparentUpgradeableProxy (28408 chars, compiler v0.8.9+commit.e5eed63a)
[201/494] Proxy_Upgradeable_UUPS/010_TransparentUpgradeableProxy (0xd5f7838f...)
  OK: TransparentUpgradeableProxy (34411 chars, compiler v0.8.20+commit.a1b79de6)
[202/494] Proxy_Upgradeable_UUPS/011_PoolAddressesProvider (0x2f39d218...)
  OK: PoolAddressesProvider (31013 chars, compiler v0.8.10+commit.fc410830)
[203/494] Proxy_Upgradeable_UUPS/012_ERC1967Proxy (0x5c7bcd6e...)
  OK: ERC1967Proxy (37087 chars, compiler v0.8.9+commit.e5eed63a)
[204/494] Proxy_Upgradeable_UUPS/013_FiatTokenProxy (0xbe989514...)
  OK: FiatTokenProxy (21287 chars, compiler v0.6.12+commit.27d51765)
[205/494] Proxy_Upgradeable_UUPS/014_Seaport (0x00000000...)
  OK: Seaport (461202 chars, compiler v0.8.14+commit.80d49f37)
[206/494] Timelock/000_Timelock (0x6d903f60...)
  OK: Timelock (10485 chars, compiler v0.5.8+commit.23d335f2)
[207/494] Timelock/001_Timelock (0x1a9c8182...)
  OK: Timelock (11411 chars, compiler v0.5.16+commit.9c3226ce)
[208/494] Timelock/002_Executor (0xee56e2b3...)
  OK: Executor (43817 chars, compiler v0.7.5+commit.eb77ed08)
[209/494] Timelock/003_NounsDAOExecutorProxy (0xb1a32fc9...)
  OK: NounsDAOExecutorProxy (23530 chars, compiler v0.8.19+commit.7dd6d404)
[210/494] Timelock/004_LiquidatorProxyV1ForSoloMargin (0xd4b6cd14...)
  OK: LiquidatorProxyV1ForSoloMargin (67358 chars, compiler v0.5.7+commit.6da8b019)
[211/494] Timelock/005_Unitroller (0x3d5bc3c8...)
  OK: Unitroller (116136 chars, compiler v0.5.17+commit.d19bba13)
[212/494] Timelock/006_Stake_FXS_WETH (0xda2c3383...)
  OK: Stake_FXS_WETH (314152 chars, compiler v0.6.11+commit.5ef660b1)
[213/494] Timelock/007_TerminalDirectory (0x46c9999a...)
  OK: TerminalDirectory (22733 chars, compiler v0.8.6+commit.11564f7e)
[214/494] Timelock/008_StakingRewards (0x8302fe9f...)
  OK: StakingRewards (18972 chars, compiler v0.5.17+commit.d19bba13)
[215/494] Timelock/009_Timelock (0x9a8541dd...)
  OK: Timelock (12318 chars, compiler v0.6.12+commit.27d51765)
[216/494] Timelock/010_DSPause (0xbe286431...)
  OK: DSPause (7621 chars, compiler v0.5.12+commit.7709ece9)
[217/494] Timelock/011_DSPauseProxy (0xbe8e3e36...)
  OK: DSPauseProxy (7621 chars, compiler v0.5.12+commit.7709ece9)
[218/494] Timelock/012_Vow (0xa9505244...)
  OK: Vow (7790 chars, compiler v0.5.12+commit.7709ece9)
[219/494] Timelock/013_Executor (0x61910ecd...)
  OK: Executor (43817 chars, compiler v0.7.5+commit.eb77ed08)
[220/494] Timelock/014_TokenLock (0xd7a029db...)
  OK: TokenLock (19280 chars, compiler v0.8.7+commit.e28d00a7)
[221/494] Wrapped_Token/000_WETH9 (0xc02aaa39...)
  OK: WETH9 (38401 chars, compiler v0.4.19+commit.c4cbbb05)
[222/494] Wrapped_Token/001_frxETH (0x5e842234...)
  OK: frxETH (59965 chars, compiler v0.8.16+commit.07a7930e)
[223/494] Wrapped_Token/002_sfrxETH (0xac3e0184...)
  OK: sfrxETH (45130 chars, compiler v0.8.16+commit.07a7930e)
[224/494] Wrapped_Token/003_TransparentUpgradeableProxy (0xf951e335...)
  OK: TransparentUpgradeableProxy (37087 chars, compiler v0.8.9+commit.e5eed63a)
[225/494] Wrapped_Token/004_AdminUpgradeabilityProxy (0xe95a203b...)
  OK: AdminUpgradeabilityProxy (10680 chars, compiler v0.6.8+commit.0bbfe453)
[226/494] Wrapped_Token/005_OETHProxy (0x856c4efb...)
  OK: OETHProxy (22656 chars, compiler v0.8.7+commit.e28d00a7)
[227/494] Wrapped_Token/006_UUPSProxy (0xcd5fe23c...)
  OK: UUPSProxy (24533 chars, compiler v0.8.13+commit.abaa5c0e)
[228/494] Wrapped_Token/007_PENDLE (0x80850712...)
  OK: PENDLE (49632 chars, compiler v0.7.6+commit.7338295f)
[229/494] Wrapped_Token/008_InitializeGovernedUpgradeabilityProxy (0x2a8e1e67...)
  OK: InitializeGovernedUpgradeabilityProxy (12538 chars, compiler v0.5.11+commit.c082d0b4)
[230/494] Wrapped_Token/009_ANKRToken (0x8290333c...)
  OK: ANKRToken (8706 chars, compiler v0.4.25+commit.59dbf8f1)
[231/494] Wrapped_Token/010_FiatTokenProxy (0xcbb7c000...)
  OK: FiatTokenProxy (21320 chars, compiler v0.6.12+commit.27d51765)
[232/494] Yield_Aggregator/000_yVault (0x5dbcf33d...)
  OK: yVault (13771 chars, compiler v0.5.17+commit.d19bba13)
[233/494] Yield_Aggregator/001_VaultRegistry (0xaf1f5e1c...)
  OK: VaultRegistry (17991 chars, compiler v0.8.17+commit.8df45f5f)
[234/494] Yield_Aggregator/002_BeefyVaultV7 (0xa7739fd3...)
  OK: BeefyVaultV7 (45785 chars, compiler v0.8.15+commit.e14f2714)
[235/494] Yield_Aggregator/003_VaultProxy (0xab7fa2b2...)
  OK: VaultProxy (7041 chars, compiler v0.5.16+commit.9c3226ce)
[236/494] Yield_Aggregator/004_VaultProxy (0xfe09e53a...)
  OK: VaultProxy (7041 chars, compiler v0.5.16+commit.9c3226ce)
[237/494] Yield_Aggregator/005_CrvDepositor (0x8014595f...)
  OK: CrvDepositor (33186 chars, compiler v0.6.12+commit.27d51765)
[238/494] Yield_Aggregator/006_CvxCrvStakingWrapper (0xaa0c3f5f...)
  OK: CvxCrvStakingWrapper (58949 chars, compiler v0.6.12+commit.27d51765)
[239/494] Yield_Aggregator/007_YearnRewards (0x0001fb05...)
  OK: YearnRewards (26187 chars, compiler v0.5.16+commit.9c3226ce)
[240/494] Yield_Aggregator/008_yVault (0xacd43e62...)
  OK: yVault (14703 chars, compiler v0.5.17+commit.d19bba13)
[241/494] Yield_Aggregator/009_VaultProxy (0xf0358e8c...)
  OK: VaultProxy (7041 chars, compiler v0.5.16+commit.9c3226ce)
[242/494] Yield_Aggregator/010_PendleRouterV3 (0x00000000...)
  OK: PendleRouterV3 (116816 chars, compiler v0.8.23+commit.f704f362)
[243/494] Yield_Aggregator/011_PendleRouter (0x1b6d3e5d...)
  OK: PendleRouter (107782 chars, compiler v0.7.6+commit.7338295f)

============================================================
FLATTENING COMPLETE
============================================================
Success: 243
Failed: 0
Output: dataset/human_baseline_flat
  Access_Control_RBAC: 2
  Auction: 11
  Bridge_Relayer: 15
  Cross-Chain_Bridge: 11
  Cross-Chain_Messaging: 3
  Crowdfunding_ICO: 12
  DeFi_DEX_AMM: 14
  DeFi_Lending: 14
  DeFi_Staking: 16
  ERC1155_Multi-Token: 12
  ERC20_Token: 15
  ERC721_NFT: 15
  Escrow: 12
  Flash_Loan_Provider: 7
  Governance_DAO: 14
  Multisig_Wallet: 14
  Proxy_Upgradeable_UUPS: 16
  Timelock: 15
  Wrapped_Token: 11
  Yield_Aggregator: 12
